This file contains any messages produced by compilers while
running configure, to aid debugging if configure makes a mistake.

It was created by hunspell configure 1.3.3, which was
generated by GNU Autoconf 2.69.  Invocation command line was

  $ ./configure 

## --------- ##
## Platform. ##
## --------- ##

hostname = bktkowks04
uname -m = x86_64
uname -r = 3.19.0-12-generic
uname -s = Linux
uname -v = #12-Ubuntu SMP Fri Apr 3 04:03:26 UTC 2015

/usr/bin/uname -p = unknown
/bin/uname -X     = unknown

/bin/arch              = unknown
/usr/bin/arch -k       = unknown
/usr/convex/getsysinfo = unknown
/usr/bin/hostinfo      = unknown
/bin/machine           = unknown
/usr/bin/oslevel       = unknown
/bin/universe          = unknown

PATH: /usr/local/sbin
PATH: /usr/local/bin
PATH: /usr/sbin
PATH: /usr/bin
PATH: /sbin
PATH: /bin
PATH: /usr/games
PATH: /usr/local/games


## ----------- ##
## Core tests. ##
## ----------- ##

configure:2703: checking build system type
configure:2717: result: x86_64-unknown-linux-gnu
configure:2737: checking host system type
configure:2750: result: x86_64-unknown-linux-gnu
configure:2770: checking target system type
configure:2783: result: x86_64-unknown-linux-gnu
configure:2828: checking for a BSD-compatible install
configure:2896: result: /usr/bin/install -c
configure:2907: checking whether build environment is sane
configure:2962: result: yes
configure:3113: checking for a thread-safe mkdir -p
configure:3152: result: /bin/mkdir -p
configure:3159: checking for gawk
configure:3189: result: no
configure:3159: checking for mawk
configure:3175: found /usr/bin/mawk
configure:3186: result: mawk
configure:3197: checking whether make sets $(MAKE)
configure:3219: result: yes
configure:3248: checking whether make supports nested variables
configure:3265: result: yes
configure:3460: checking for g++
configure:3476: found /usr/bin/g++
configure:3487: result: g++
configure:3514: checking for C++ compiler version
configure:3523: g++ --version >&5
g++ (Ubuntu 4.9.2-10ubuntu12) 4.9.2
Copyright (C) 2014 Free Software Foundation, Inc.
This is free software; see the source for copying conditions.  There is NO
warranty; not even for MERCHANTABILITY or FITNESS FOR A PARTICULAR PURPOSE.

configure:3534: $? = 0
configure:3523: g++ -v >&5
Using built-in specs.
COLLECT_GCC=g++
COLLECT_LTO_WRAPPER=/usr/lib/gcc/x86_64-linux-gnu/4.9/lto-wrapper
Target: x86_64-linux-gnu
Configured with: ../src/configure -v --with-pkgversion='Ubuntu 4.9.2-10ubuntu12' --with-bugurl=file:///usr/share/doc/gcc-4.9/README.Bugs --enable-languages=c,c++,java,go,d,fortran,objc,obj-c++ --prefix=/usr --program-suffix=-4.9 --enable-shared --enable-linker-build-id --libexecdir=/usr/lib --without-included-gettext --enable-threads=posix --with-gxx-include-dir=/usr/include/c++/4.9 --libdir=/usr/lib --enable-nls --with-sysroot=/ --enable-clocale=gnu --enable-libstdcxx-debug --enable-libstdcxx-time=yes --enable-gnu-unique-object --disable-vtable-verify --enable-plugin --with-system-zlib --disable-browser-plugin --enable-java-awt=gtk --enable-gtk-cairo --with-java-home=/usr/lib/jvm/java-1.5.0-gcj-4.9-amd64/jre --enable-java-home --with-jvm-root-dir=/usr/lib/jvm/java-1.5.0-gcj-4.9-amd64 --with-jvm-jar-dir=/usr/lib/jvm-exports/java-1.5.0-gcj-4.9-amd64 --with-arch-directory=amd64 --with-ecj-jar=/usr/share/java/eclipse-ecj.jar --enable-objc-gc --enable-multiarch --disable-werror --with-arch-32=i686 --with-abi=m64 --with-multilib-list=m32,m64,mx32 --enable-multilib --with-tune=generic --enable-checking=release --build=x86_64-linux-gnu --host=x86_64-linux-gnu --target=x86_64-linux-gnu
Thread model: posix
gcc version 4.9.2 (Ubuntu 4.9.2-10ubuntu12) 
configure:3534: $? = 0
configure:3523: g++ -V >&5
g++: error: unrecognized command line option '-V'
g++: fatal error: no input files
compilation terminated.
configure:3534: $? = 4
configure:3523: g++ -qversion >&5
g++: error: unrecognized command line option '-qversion'
g++: fatal error: no input files
compilation terminated.
configure:3534: $? = 4
configure:3554: checking whether the C++ compiler works
configure:3576: g++    conftest.cpp  >&5
configure:3580: $? = 0
configure:3628: result: yes
configure:3631: checking for C++ compiler default output file name
configure:3633: result: a.out
configure:3639: checking for suffix of executables
configure:3646: g++ -o conftest    conftest.cpp  >&5
configure:3650: $? = 0
configure:3672: result: 
configure:3694: checking whether we are cross compiling
configure:3702: g++ -o conftest    conftest.cpp  >&5
configure:3706: $? = 0
configure:3713: ./conftest
configure:3717: $? = 0
configure:3732: result: no
configure:3737: checking for suffix of object files
configure:3759: g++ -c   conftest.cpp >&5
configure:3763: $? = 0
configure:3784: result: o
configure:3788: checking whether we are using the GNU C++ compiler
configure:3807: g++ -c   conftest.cpp >&5
configure:3807: $? = 0
configure:3816: result: yes
configure:3825: checking whether g++ accepts -g
configure:3845: g++ -c -g  conftest.cpp >&5
configure:3845: $? = 0
configure:3886: result: yes
configure:3920: checking for style of include used by make
configure:3948: result: GNU
configure:3974: checking dependency style of g++
configure:4085: result: gcc3
configure:4148: checking for gcc
configure:4164: found /usr/bin/gcc
configure:4175: result: gcc
configure:4404: checking for C compiler version
configure:4413: gcc --version >&5
gcc (Ubuntu 4.9.2-10ubuntu12) 4.9.2
Copyright (C) 2014 Free Software Foundation, Inc.
This is free software; see the source for copying conditions.  There is NO
warranty; not even for MERCHANTABILITY or FITNESS FOR A PARTICULAR PURPOSE.

configure:4424: $? = 0
configure:4413: gcc -v >&5
Using built-in specs.
COLLECT_GCC=gcc
COLLECT_LTO_WRAPPER=/usr/lib/gcc/x86_64-linux-gnu/4.9/lto-wrapper
Target: x86_64-linux-gnu
Configured with: ../src/configure -v --with-pkgversion='Ubuntu 4.9.2-10ubuntu12' --with-bugurl=file:///usr/share/doc/gcc-4.9/README.Bugs --enable-languages=c,c++,java,go,d,fortran,objc,obj-c++ --prefix=/usr --program-suffix=-4.9 --enable-shared --enable-linker-build-id --libexecdir=/usr/lib --without-included-gettext --enable-threads=posix --with-gxx-include-dir=/usr/include/c++/4.9 --libdir=/usr/lib --enable-nls --with-sysroot=/ --enable-clocale=gnu --enable-libstdcxx-debug --enable-libstdcxx-time=yes --enable-gnu-unique-object --disable-vtable-verify --enable-plugin --with-system-zlib --disable-browser-plugin --enable-java-awt=gtk --enable-gtk-cairo --with-java-home=/usr/lib/jvm/java-1.5.0-gcj-4.9-amd64/jre --enable-java-home --with-jvm-root-dir=/usr/lib/jvm/java-1.5.0-gcj-4.9-amd64 --with-jvm-jar-dir=/usr/lib/jvm-exports/java-1.5.0-gcj-4.9-amd64 --with-arch-directory=amd64 --with-ecj-jar=/usr/share/java/eclipse-ecj.jar --enable-objc-gc --enable-multiarch --disable-werror --with-arch-32=i686 --with-abi=m64 --with-multilib-list=m32,m64,mx32 --enable-multilib --with-tune=generic --enable-checking=release --build=x86_64-linux-gnu --host=x86_64-linux-gnu --target=x86_64-linux-gnu
Thread model: posix
gcc version 4.9.2 (Ubuntu 4.9.2-10ubuntu12) 
configure:4424: $? = 0
configure:4413: gcc -V >&5
gcc: error: unrecognized command line option '-V'
gcc: fatal error: no input files
compilation terminated.
configure:4424: $? = 4
configure:4413: gcc -qversion >&5
gcc: error: unrecognized command line option '-qversion'
gcc: fatal error: no input files
compilation terminated.
configure:4424: $? = 4
configure:4428: checking whether we are using the GNU C compiler
configure:4447: gcc -c   conftest.c >&5
configure:4447: $? = 0
configure:4456: result: yes
configure:4465: checking whether gcc accepts -g
configure:4485: gcc -c -g  conftest.c >&5
configure:4485: $? = 0
configure:4526: result: yes
configure:4543: checking for gcc option to accept ISO C89
configure:4606: gcc  -c -g -O2  conftest.c >&5
configure:4606: $? = 0
configure:4619: result: none needed
configure:4644: checking whether gcc understands -c and -o together
configure:4666: gcc -c conftest.c -o conftest2.o
configure:4669: $? = 0
configure:4666: gcc -c conftest.c -o conftest2.o
configure:4669: $? = 0
configure:4681: result: yes
configure:4700: checking dependency style of gcc
configure:4811: result: gcc3
configure:4872: checking how to print strings
configure:4899: result: printf
configure:4920: checking for a sed that does not truncate output
configure:4984: result: /bin/sed
configure:5002: checking for grep that handles long lines and -e
configure:5060: result: /bin/grep
configure:5065: checking for egrep
configure:5127: result: /bin/grep -E
configure:5132: checking for fgrep
configure:5194: result: /bin/grep -F
configure:5229: checking for ld used by gcc
configure:5296: result: /usr/bin/ld
configure:5303: checking if the linker (/usr/bin/ld) is GNU ld
configure:5318: result: yes
configure:5330: checking for BSD- or MS-compatible name lister (nm)
configure:5379: result: /usr/bin/nm -B
configure:5509: checking the name lister (/usr/bin/nm -B) interface
configure:5516: gcc -c -g -O2  conftest.c >&5
configure:5519: /usr/bin/nm -B "conftest.o"
configure:5522: output
0000000000000000 B some_variable
configure:5529: result: BSD nm
configure:5532: checking whether ln -s works
configure:5536: result: yes
configure:5544: checking the maximum length of command line arguments
configure:5675: result: 1572864
configure:5692: checking whether the shell understands some XSI constructs
configure:5702: result: yes
configure:5706: checking whether the shell understands "+="
configure:5712: result: yes
configure:5747: checking how to convert x86_64-unknown-linux-gnu file names to x86_64-unknown-linux-gnu format
configure:5787: result: func_convert_file_noop
configure:5794: checking how to convert x86_64-unknown-linux-gnu file names to toolchain format
configure:5814: result: func_convert_file_noop
configure:5821: checking for /usr/bin/ld option to reload object files
configure:5828: result: -r
configure:5902: checking for objdump
configure:5918: found /usr/bin/objdump
configure:5929: result: objdump
configure:5961: checking how to recognize dependent libraries
configure:6159: result: pass_all
configure:6244: checking for dlltool
configure:6274: result: no
configure:6304: checking how to associate runtime and link libraries
configure:6331: result: printf %s\n
configure:6392: checking for ar
configure:6408: found /usr/bin/ar
configure:6419: result: ar
configure:6456: checking for archiver @FILE support
configure:6473: gcc -c -g -O2  conftest.c >&5
configure:6473: $? = 0
configure:6476: ar cru libconftest.a @conftest.lst >&5
configure:6479: $? = 0
configure:6484: ar cru libconftest.a @conftest.lst >&5
ar: conftest.o: No such file or directory
configure:6487: $? = 1
configure:6499: result: @
configure:6557: checking for strip
configure:6573: found /usr/bin/strip
configure:6584: result: strip
configure:6656: checking for ranlib
configure:6672: found /usr/bin/ranlib
configure:6683: result: ranlib
configure:6785: checking command to parse /usr/bin/nm -B output from gcc object
configure:6905: gcc -c -g -O2  conftest.c >&5
configure:6908: $? = 0
configure:6912: /usr/bin/nm -B conftest.o \| sed -n -e 's/^.*[ ]\([ABCDGIRSTW][ABCDGIRSTW]*\)[ ][ ]*\([_A-Za-z][_A-Za-z0-9]*\)$/\1 \2 \2/p' | sed '/ __gnu_lto/d' \> conftest.nm
configure:6915: $? = 0
configure:6981: gcc -o conftest -g -O2   conftest.c conftstm.o >&5
configure:6984: $? = 0
configure:7022: result: ok
configure:7059: checking for sysroot
configure:7089: result: no
configure:7166: gcc -c -g -O2  conftest.c >&5
configure:7169: $? = 0
configure:7358: checking for mt
configure:7374: found /bin/mt
configure:7385: result: mt
configure:7408: checking if mt is a manifest tool
configure:7414: mt '-?'
configure:7422: result: no
configure:8064: checking how to run the C preprocessor
configure:8095: gcc -E  conftest.c
configure:8095: $? = 0
configure:8109: gcc -E  conftest.c
conftest.c:11:28: fatal error: ac_nonexistent.h: No such file or directory
 #include <ac_nonexistent.h>
                            ^
compilation terminated.
configure:8109: $? = 1
configure: failed program was:
| /* confdefs.h */
| #define PACKAGE_NAME "hunspell"
| #define PACKAGE_TARNAME "hunspell"
| #define PACKAGE_VERSION "1.3.3"
| #define PACKAGE_STRING "hunspell 1.3.3"
| #define PACKAGE_BUGREPORT "nemeth@numbertext.org"
| #define PACKAGE_URL ""
| #define PACKAGE "hunspell"
| #define VERSION "1.3.3"
| /* end confdefs.h.  */
| #include <ac_nonexistent.h>
configure:8134: result: gcc -E
configure:8154: gcc -E  conftest.c
configure:8154: $? = 0
configure:8168: gcc -E  conftest.c
conftest.c:11:28: fatal error: ac_nonexistent.h: No such file or directory
 #include <ac_nonexistent.h>
                            ^
compilation terminated.
configure:8168: $? = 1
configure: failed program was:
| /* confdefs.h */
| #define PACKAGE_NAME "hunspell"
| #define PACKAGE_TARNAME "hunspell"
| #define PACKAGE_VERSION "1.3.3"
| #define PACKAGE_STRING "hunspell 1.3.3"
| #define PACKAGE_BUGREPORT "nemeth@numbertext.org"
| #define PACKAGE_URL ""
| #define PACKAGE "hunspell"
| #define VERSION "1.3.3"
| /* end confdefs.h.  */
| #include <ac_nonexistent.h>
configure:8197: checking for ANSI C header files
configure:8217: gcc -c -g -O2  conftest.c >&5
configure:8217: $? = 0
configure:8290: gcc -o conftest -g -O2   conftest.c  >&5
configure:8290: $? = 0
configure:8290: ./conftest
configure:8290: $? = 0
configure:8301: result: yes
configure:8314: checking for sys/types.h
configure:8314: gcc -c -g -O2  conftest.c >&5
configure:8314: $? = 0
configure:8314: result: yes
configure:8314: checking for sys/stat.h
configure:8314: gcc -c -g -O2  conftest.c >&5
configure:8314: $? = 0
configure:8314: result: yes
configure:8314: checking for stdlib.h
configure:8314: gcc -c -g -O2  conftest.c >&5
configure:8314: $? = 0
configure:8314: result: yes
configure:8314: checking for string.h
configure:8314: gcc -c -g -O2  conftest.c >&5
configure:8314: $? = 0
configure:8314: result: yes
configure:8314: checking for memory.h
configure:8314: gcc -c -g -O2  conftest.c >&5
configure:8314: $? = 0
configure:8314: result: yes
configure:8314: checking for strings.h
configure:8314: gcc -c -g -O2  conftest.c >&5
configure:8314: $? = 0
configure:8314: result: yes
configure:8314: checking for inttypes.h
configure:8314: gcc -c -g -O2  conftest.c >&5
configure:8314: $? = 0
configure:8314: result: yes
configure:8314: checking for stdint.h
configure:8314: gcc -c -g -O2  conftest.c >&5
configure:8314: $? = 0
configure:8314: result: yes
configure:8314: checking for unistd.h
configure:8314: gcc -c -g -O2  conftest.c >&5
configure:8314: $? = 0
configure:8314: result: yes
configure:8328: checking for dlfcn.h
configure:8328: gcc -c -g -O2  conftest.c >&5
configure:8328: $? = 0
configure:8328: result: yes
configure:8545: checking for objdir
configure:8560: result: .libs
configure:8831: checking if gcc supports -fno-rtti -fno-exceptions
configure:8849: gcc -c -g -O2  -fno-rtti -fno-exceptions conftest.c >&5
cc1: warning: command line option '-fno-rtti' is valid for C++/ObjC++ but not for C
configure:8853: $? = 0
configure:8866: result: no
configure:9193: checking for gcc option to produce PIC
configure:9200: result: -fPIC -DPIC
configure:9208: checking if gcc PIC flag -fPIC -DPIC works
configure:9226: gcc -c -g -O2  -fPIC -DPIC -DPIC conftest.c >&5
configure:9230: $? = 0
configure:9243: result: yes
configure:9272: checking if gcc static flag -static works
configure:9300: result: yes
configure:9315: checking if gcc supports -c -o file.o
configure:9336: gcc -c -g -O2  -o out/conftest2.o conftest.c >&5
configure:9340: $? = 0
configure:9362: result: yes
configure:9370: checking if gcc supports -c -o file.o
configure:9417: result: yes
configure:9450: checking whether the gcc linker (/usr/bin/ld -m elf_x86_64) supports shared libraries
configure:10607: result: yes
configure:10644: checking whether -lc should be explicitly linked in
configure:10652: gcc -c -g -O2  conftest.c >&5
configure:10655: $? = 0
configure:10670: gcc -shared  -fPIC -DPIC conftest.o  -v -Wl,-soname -Wl,conftest -o conftest 2\>\&1 \| /bin/grep  -lc  \>/dev/null 2\>\&1
configure:10673: $? = 0
configure:10687: result: no
configure:10847: checking dynamic linker characteristics
configure:11347: gcc -o conftest -g -O2   -Wl,-rpath -Wl,/foo conftest.c  >&5
configure:11347: $? = 0
configure:11581: result: GNU/Linux ld.so
configure:11688: checking how to hardcode library paths into programs
configure:11713: result: immediate
configure:12253: checking whether stripping libraries is possible
configure:12258: result: yes
configure:12293: checking if libtool supports shared libraries
configure:12295: result: yes
configure:12298: checking whether to build shared libraries
configure:12319: result: yes
configure:12322: checking whether to build static libraries
configure:12326: result: yes
configure:12349: checking how to run the C++ preprocessor
configure:12376: g++ -E  conftest.cpp
configure:12376: $? = 0
configure:12390: g++ -E  conftest.cpp
conftest.cpp:23:28: fatal error: ac_nonexistent.h: No such file or directory
 #include <ac_nonexistent.h>
                            ^
compilation terminated.
configure:12390: $? = 1
configure: failed program was:
| /* confdefs.h */
| #define PACKAGE_NAME "hunspell"
| #define PACKAGE_TARNAME "hunspell"
| #define PACKAGE_VERSION "1.3.3"
| #define PACKAGE_STRING "hunspell 1.3.3"
| #define PACKAGE_BUGREPORT "nemeth@numbertext.org"
| #define PACKAGE_URL ""
| #define PACKAGE "hunspell"
| #define VERSION "1.3.3"
| #define STDC_HEADERS 1
| #define HAVE_SYS_TYPES_H 1
| #define HAVE_SYS_STAT_H 1
| #define HAVE_STDLIB_H 1
| #define HAVE_STRING_H 1
| #define HAVE_MEMORY_H 1
| #define HAVE_STRINGS_H 1
| #define HAVE_INTTYPES_H 1
| #define HAVE_STDINT_H 1
| #define HAVE_UNISTD_H 1
| #define HAVE_DLFCN_H 1
| #define LT_OBJDIR ".libs/"
| /* end confdefs.h.  */
| #include <ac_nonexistent.h>
configure:12415: result: g++ -E
configure:12435: g++ -E  conftest.cpp
configure:12435: $? = 0
configure:12449: g++ -E  conftest.cpp
conftest.cpp:23:28: fatal error: ac_nonexistent.h: No such file or directory
 #include <ac_nonexistent.h>
                            ^
compilation terminated.
configure:12449: $? = 1
configure: failed program was:
| /* confdefs.h */
| #define PACKAGE_NAME "hunspell"
| #define PACKAGE_TARNAME "hunspell"
| #define PACKAGE_VERSION "1.3.3"
| #define PACKAGE_STRING "hunspell 1.3.3"
| #define PACKAGE_BUGREPORT "nemeth@numbertext.org"
| #define PACKAGE_URL ""
| #define PACKAGE "hunspell"
| #define VERSION "1.3.3"
| #define STDC_HEADERS 1
| #define HAVE_SYS_TYPES_H 1
| #define HAVE_SYS_STAT_H 1
| #define HAVE_STDLIB_H 1
| #define HAVE_STRING_H 1
| #define HAVE_MEMORY_H 1
| #define HAVE_STRINGS_H 1
| #define HAVE_INTTYPES_H 1
| #define HAVE_STDINT_H 1
| #define HAVE_UNISTD_H 1
| #define HAVE_DLFCN_H 1
| #define LT_OBJDIR ".libs/"
| /* end confdefs.h.  */
| #include <ac_nonexistent.h>
configure:12618: checking for ld used by g++
configure:12685: result: /usr/bin/ld -m elf_x86_64
configure:12692: checking if the linker (/usr/bin/ld -m elf_x86_64) is GNU ld
configure:12707: result: yes
configure:12762: checking whether the g++ linker (/usr/bin/ld -m elf_x86_64) supports shared libraries
configure:13764: result: yes
configure:13800: g++ -c -g -O2  conftest.cpp >&5
configure:13803: $? = 0
configure:14323: checking for g++ option to produce PIC
configure:14330: result: -fPIC -DPIC
configure:14338: checking if g++ PIC flag -fPIC -DPIC works
configure:14356: g++ -c -g -O2  -fPIC -DPIC -DPIC conftest.cpp >&5
configure:14360: $? = 0
configure:14373: result: yes
configure:14396: checking if g++ static flag -static works
configure:14424: result: yes
configure:14436: checking if g++ supports -c -o file.o
configure:14457: g++ -c -g -O2  -o out/conftest2.o conftest.cpp >&5
configure:14461: $? = 0
configure:14483: result: yes
configure:14488: checking if g++ supports -c -o file.o
configure:14535: result: yes
configure:14565: checking whether the g++ linker (/usr/bin/ld -m elf_x86_64) supports shared libraries
configure:14604: result: yes
configure:14745: checking dynamic linker characteristics
configure:15413: result: GNU/Linux ld.so
configure:15466: checking how to hardcode library paths into programs
configure:15491: result: immediate
configure:15857: checking fcntl.h usability
configure:15857: gcc -c -g -O2  conftest.c >&5
configure:15857: $? = 0
configure:15857: result: yes
configure:15857: checking fcntl.h presence
configure:15857: gcc -E  conftest.c
configure:15857: $? = 0
configure:15857: result: yes
configure:15857: checking for fcntl.h
configure:15857: result: yes
configure:15857: checking libintl.h usability
configure:15857: gcc -c -g -O2  conftest.c >&5
configure:15857: $? = 0
configure:15857: result: yes
configure:15857: checking libintl.h presence
configure:15857: gcc -E  conftest.c
configure:15857: $? = 0
configure:15857: result: yes
configure:15857: checking for libintl.h
configure:15857: result: yes
configure:15857: checking locale.h usability
configure:15857: gcc -c -g -O2  conftest.c >&5
configure:15857: $? = 0
configure:15857: result: yes
configure:15857: checking locale.h presence
configure:15857: gcc -E  conftest.c
configure:15857: $? = 0
configure:15857: result: yes
configure:15857: checking for locale.h
configure:15857: result: yes
configure:15857: checking for unistd.h
configure:15857: result: yes
configure:15857: checking error.h usability
configure:15857: gcc -c -g -O2  conftest.c >&5
configure:15857: $? = 0
configure:15857: result: yes
configure:15857: checking error.h presence
configure:15857: gcc -E  conftest.c
configure:15857: $? = 0
configure:15857: result: yes
configure:15857: checking for error.h
configure:15857: result: yes
configure:15869: checking for an ANSI C-conforming const
configure:15935: gcc -c -g -O2  conftest.c >&5
configure:15935: $? = 0
configure:15942: result: yes
configure:15950: checking for inline
configure:15966: gcc -c -g -O2  conftest.c >&5
configure:15966: $? = 0
configure:15974: result: inline
configure:15994: checking for error_at_line
configure:16010: gcc -o conftest -g -O2   conftest.c  >&5
configure:16010: $? = 0
configure:16018: result: yes
configure:16029: checking for ANSI C header files
configure:16133: result: yes
configure:16144: checking for memchr
configure:16144: gcc -o conftest -g -O2   conftest.c  >&5
conftest.c:52:6: warning: conflicting types for built-in function 'memchr'
 char memchr ();
      ^
configure:16144: $? = 0
configure:16144: result: yes
configure:16144: checking for setlocale
configure:16144: gcc -o conftest -g -O2   conftest.c  >&5
configure:16144: $? = 0
configure:16144: result: yes
configure:16144: checking for strchr
configure:16144: gcc -o conftest -g -O2   conftest.c  >&5
conftest.c:54:6: warning: conflicting types for built-in function 'strchr'
 char strchr ();
      ^
configure:16144: $? = 0
configure:16144: result: yes
configure:16144: checking for strstr
configure:16144: gcc -o conftest -g -O2   conftest.c  >&5
conftest.c:55:6: warning: conflicting types for built-in function 'strstr'
 char strstr ();
      ^
configure:16144: $? = 0
configure:16144: result: yes
configure:16162: checking whether NLS is requested
configure:16171: result: yes
configure:16212: checking for msgfmt
configure: trying /usr/bin/msgfmt...
0 translated messages.
configure:16244: result: /usr/bin/msgfmt
configure:16253: checking for gmsgfmt
configure:16284: result: /usr/bin/msgfmt
configure:16335: checking for xgettext
configure: trying /usr/bin/xgettext...
/usr/bin/xgettext: warning: file '/dev/null' extension '' is unknown; will try C
configure:16367: result: /usr/bin/xgettext
configure:16413: checking for msgmerge
configure: trying /usr/bin/msgmerge...
configure:16444: result: /usr/bin/msgmerge
configure:16462: checking whether we are using the GNU C Library 2 or newer
configure:16489: result: yes
configure:16538: checking for ranlib
configure:16565: result: ranlib
configure:16592: checking for simple visibility declarations
configure:16614: gcc -c -g -O2 -fvisibility=hidden  conftest.c >&5
configure:16614: $? = 0
configure:16623: result: yes
configure:16638: checking for size_t
configure:16638: gcc -c -g -O2  conftest.c >&5
configure:16638: $? = 0
configure:16638: gcc -c -g -O2  conftest.c >&5
conftest.c: In function 'main':
conftest.c:70:21: error: expected expression before ')' token
 if (sizeof ((size_t)))
                     ^
configure:16638: $? = 1
configure: failed program was:
| /* confdefs.h */
| #define PACKAGE_NAME "hunspell"
| #define PACKAGE_TARNAME "hunspell"
| #define PACKAGE_VERSION "1.3.3"
| #define PACKAGE_STRING "hunspell 1.3.3"
| #define PACKAGE_BUGREPORT "nemeth@numbertext.org"
| #define PACKAGE_URL ""
| #define PACKAGE "hunspell"
| #define VERSION "1.3.3"
| #define STDC_HEADERS 1
| #define HAVE_SYS_TYPES_H 1
| #define HAVE_SYS_STAT_H 1
| #define HAVE_STDLIB_H 1
| #define HAVE_STRING_H 1
| #define HAVE_MEMORY_H 1
| #define HAVE_STRINGS_H 1
| #define HAVE_INTTYPES_H 1
| #define HAVE_STDINT_H 1
| #define HAVE_UNISTD_H 1
| #define HAVE_DLFCN_H 1
| #define LT_OBJDIR ".libs/"
| #define HAVE_FCNTL_H 1
| #define HAVE_LIBINTL_H 1
| #define HAVE_LOCALE_H 1
| #define HAVE_UNISTD_H 1
| #define HAVE_ERROR_H 1
| #define STDC_HEADERS 1
| #define HAVE_MEMCHR 1
| #define HAVE_SETLOCALE 1
| #define HAVE_STRCHR 1
| #define HAVE_STRSTR 1
| #define HAVE_VISIBILITY 1
| /* end confdefs.h.  */
| #include <stdio.h>
| #ifdef HAVE_SYS_TYPES_H
| # include <sys/types.h>
| #endif
| #ifdef HAVE_SYS_STAT_H
| # include <sys/stat.h>
| #endif
| #ifdef STDC_HEADERS
| # include <stdlib.h>
| # include <stddef.h>
| #else
| # ifdef HAVE_STDLIB_H
| #  include <stdlib.h>
| # endif
| #endif
| #ifdef HAVE_STRING_H
| # if !defined STDC_HEADERS && defined HAVE_MEMORY_H
| #  include <memory.h>
| # endif
| # include <string.h>
| #endif
| #ifdef HAVE_STRINGS_H
| # include <strings.h>
| #endif
| #ifdef HAVE_INTTYPES_H
| # include <inttypes.h>
| #endif
| #ifdef HAVE_STDINT_H
| # include <stdint.h>
| #endif
| #ifdef HAVE_UNISTD_H
| # include <unistd.h>
| #endif
| int
| main ()
| {
| if (sizeof ((size_t)))
| 	    return 0;
|   ;
|   return 0;
| }
configure:16638: result: yes
configure:16650: checking for stdint.h
configure:16667: gcc -c -g -O2  conftest.c >&5
configure:16667: $? = 0
configure:16674: result: yes
configure:16686: checking for working alloca.h
configure:16703: gcc -o conftest -g -O2   conftest.c  >&5
configure:16703: $? = 0
configure:16711: result: yes
configure:16719: checking for alloca
configure:16756: gcc -o conftest -g -O2   conftest.c  >&5
configure:16756: $? = 0
configure:16764: result: yes
configure:16876: checking for stdlib.h
configure:16876: result: yes
configure:16876: checking for unistd.h
configure:16876: result: yes
configure:16876: checking for sys/param.h
configure:16876: gcc -c -g -O2  conftest.c >&5
configure:16876: $? = 0
configure:16876: result: yes
configure:16896: checking for getpagesize
configure:16896: gcc -o conftest -g -O2   conftest.c  >&5
configure:16896: $? = 0
configure:16896: result: yes
configure:16905: checking for working mmap
configure:17052: gcc -o conftest -g -O2   conftest.c  >&5
configure:17052: $? = 0
configure:17052: ./conftest
configure:17052: $? = 0
configure:17062: result: yes
configure:17073: checking whether integer division by zero raises SIGFPE
configure:17139: gcc -o conftest -g -O2   conftest.c  >&5
conftest.c:56:5: warning: built-in function 'nan' declared as non-function
 int nan;
     ^
configure:17139: $? = 0
configure:17139: ./conftest
configure:17139: $? = 0
configure:17151: result: yes
configure:17164: checking for inttypes.h
configure:17181: gcc -c -g -O2  conftest.c >&5
configure:17181: $? = 0
configure:17188: result: yes
configure:17199: checking for unsigned long long int
configure:17239: gcc -o conftest -g -O2   conftest.c  >&5
configure:17239: $? = 0
configure:17247: result: yes
configure:17277: checking for inttypes.h
configure:17277: result: yes
configure:17288: checking whether the inttypes.h PRIxNN macros are broken
configure:17309: gcc -c -g -O2  conftest.c >&5
configure:17309: $? = 0
configure:17317: result: no
configure:17333: checking minix/config.h usability
configure:17333: gcc -c -g -O2  conftest.c >&5
conftest.c:80:26: fatal error: minix/config.h: No such file or directory
 #include <minix/config.h>
                          ^
compilation terminated.
configure:17333: $? = 1
configure: failed program was:
| /* confdefs.h */
| #define PACKAGE_NAME "hunspell"
| #define PACKAGE_TARNAME "hunspell"
| #define PACKAGE_VERSION "1.3.3"
| #define PACKAGE_STRING "hunspell 1.3.3"
| #define PACKAGE_BUGREPORT "nemeth@numbertext.org"
| #define PACKAGE_URL ""
| #define PACKAGE "hunspell"
| #define VERSION "1.3.3"
| #define STDC_HEADERS 1
| #define HAVE_SYS_TYPES_H 1
| #define HAVE_SYS_STAT_H 1
| #define HAVE_STDLIB_H 1
| #define HAVE_STRING_H 1
| #define HAVE_MEMORY_H 1
| #define HAVE_STRINGS_H 1
| #define HAVE_INTTYPES_H 1
| #define HAVE_STDINT_H 1
| #define HAVE_UNISTD_H 1
| #define HAVE_DLFCN_H 1
| #define LT_OBJDIR ".libs/"
| #define HAVE_FCNTL_H 1
| #define HAVE_LIBINTL_H 1
| #define HAVE_LOCALE_H 1
| #define HAVE_UNISTD_H 1
| #define HAVE_ERROR_H 1
| #define STDC_HEADERS 1
| #define HAVE_MEMCHR 1
| #define HAVE_SETLOCALE 1
| #define HAVE_STRCHR 1
| #define HAVE_STRSTR 1
| #define HAVE_VISIBILITY 1
| #define HAVE_STDINT_H_WITH_UINTMAX 1
| #define HAVE_ALLOCA_H 1
| #define HAVE_ALLOCA 1
| #define HAVE_STDLIB_H 1
| #define HAVE_UNISTD_H 1
| #define HAVE_SYS_PARAM_H 1
| #define HAVE_GETPAGESIZE 1
| #define HAVE_MMAP 1
| #define INTDIV0_RAISES_SIGFPE 1
| #define HAVE_INTTYPES_H_WITH_UINTMAX 1
| #define HAVE_UNSIGNED_LONG_LONG_INT 1
| #define HAVE_UINTMAX_T 1
| #define HAVE_INTTYPES_H 1
| /* end confdefs.h.  */
| #include <stdio.h>
| #ifdef HAVE_SYS_TYPES_H
| # include <sys/types.h>
| #endif
| #ifdef HAVE_SYS_STAT_H
| # include <sys/stat.h>
| #endif
| #ifdef STDC_HEADERS
| # include <stdlib.h>
| # include <stddef.h>
| #else
| # ifdef HAVE_STDLIB_H
| #  include <stdlib.h>
| # endif
| #endif
| #ifdef HAVE_STRING_H
| # if !defined STDC_HEADERS && defined HAVE_MEMORY_H
| #  include <memory.h>
| # endif
| # include <string.h>
| #endif
| #ifdef HAVE_STRINGS_H
| # include <strings.h>
| #endif
| #ifdef HAVE_INTTYPES_H
| # include <inttypes.h>
| #endif
| #ifdef HAVE_STDINT_H
| # include <stdint.h>
| #endif
| #ifdef HAVE_UNISTD_H
| # include <unistd.h>
| #endif
| #include <minix/config.h>
configure:17333: result: no
configure:17333: checking minix/config.h presence
configure:17333: gcc -E  conftest.c
conftest.c:47:26: fatal error: minix/config.h: No such file or directory
 #include <minix/config.h>
                          ^
compilation terminated.
configure:17333: $? = 1
configure: failed program was:
| /* confdefs.h */
| #define PACKAGE_NAME "hunspell"
| #define PACKAGE_TARNAME "hunspell"
| #define PACKAGE_VERSION "1.3.3"
| #define PACKAGE_STRING "hunspell 1.3.3"
| #define PACKAGE_BUGREPORT "nemeth@numbertext.org"
| #define PACKAGE_URL ""
| #define PACKAGE "hunspell"
| #define VERSION "1.3.3"
| #define STDC_HEADERS 1
| #define HAVE_SYS_TYPES_H 1
| #define HAVE_SYS_STAT_H 1
| #define HAVE_STDLIB_H 1
| #define HAVE_STRING_H 1
| #define HAVE_MEMORY_H 1
| #define HAVE_STRINGS_H 1
| #define HAVE_INTTYPES_H 1
| #define HAVE_STDINT_H 1
| #define HAVE_UNISTD_H 1
| #define HAVE_DLFCN_H 1
| #define LT_OBJDIR ".libs/"
| #define HAVE_FCNTL_H 1
| #define HAVE_LIBINTL_H 1
| #define HAVE_LOCALE_H 1
| #define HAVE_UNISTD_H 1
| #define HAVE_ERROR_H 1
| #define STDC_HEADERS 1
| #define HAVE_MEMCHR 1
| #define HAVE_SETLOCALE 1
| #define HAVE_STRCHR 1
| #define HAVE_STRSTR 1
| #define HAVE_VISIBILITY 1
| #define HAVE_STDINT_H_WITH_UINTMAX 1
| #define HAVE_ALLOCA_H 1
| #define HAVE_ALLOCA 1
| #define HAVE_STDLIB_H 1
| #define HAVE_UNISTD_H 1
| #define HAVE_SYS_PARAM_H 1
| #define HAVE_GETPAGESIZE 1
| #define HAVE_MMAP 1
| #define INTDIV0_RAISES_SIGFPE 1
| #define HAVE_INTTYPES_H_WITH_UINTMAX 1
| #define HAVE_UNSIGNED_LONG_LONG_INT 1
| #define HAVE_UINTMAX_T 1
| #define HAVE_INTTYPES_H 1
| /* end confdefs.h.  */
| #include <minix/config.h>
configure:17333: result: no
configure:17333: checking for minix/config.h
configure:17333: result: no
configure:17354: checking whether it is safe to define __EXTENSIONS__
configure:17372: gcc -c -g -O2  conftest.c >&5
configure:17372: $? = 0
configure:17379: result: yes
configure:17473: checking for ld used by GCC
configure:17537: result: /usr/bin/ld -m elf_x86_64
configure:17544: checking if the linker (/usr/bin/ld -m elf_x86_64) is GNU ld
configure:17557: result: yes
configure:17564: checking for shared library run path origin
configure:17577: result: done
configure:17623: checking whether imported symbols can be declared weak
configure:17638: gcc -o conftest -g -O2   conftest.c  >&5
configure:17638: $? = 0
configure:17643: result: yes
configure:17648: checking pthread.h usability
configure:17648: gcc -c -g -O2  conftest.c >&5
configure:17648: $? = 0
configure:17648: result: yes
configure:17648: checking pthread.h presence
configure:17648: gcc -E  conftest.c
configure:17648: $? = 0
configure:17648: result: yes
configure:17648: checking for pthread.h
configure:17648: result: yes
configure:17676: gcc -o conftest -g -O2   conftest.c  >&5
conftest.c: In function 'main':
conftest.c:56:1: warning: null argument where non-null required (argument 1) [-Wnonnull]
 pthread_mutex_lock((pthread_mutex_t*)0);
 ^
conftest.c:57:12: warning: null argument where non-null required (argument 1) [-Wnonnull]
            pthread_mutexattr_init((pthread_mutexattr_t*)0);
            ^
/tmp/cc3AH3R2.o: In function `main':
/home/tom/Development/hunspell/conftest.c:57: undefined reference to `pthread_mutexattr_init'
collect2: error: ld returned 1 exit status
configure:17676: $? = 1
configure: failed program was:
| /* confdefs.h */
| #define PACKAGE_NAME "hunspell"
| #define PACKAGE_TARNAME "hunspell"
| #define PACKAGE_VERSION "1.3.3"
| #define PACKAGE_STRING "hunspell 1.3.3"
| #define PACKAGE_BUGREPORT "nemeth@numbertext.org"
| #define PACKAGE_URL ""
| #define PACKAGE "hunspell"
| #define VERSION "1.3.3"
| #define STDC_HEADERS 1
| #define HAVE_SYS_TYPES_H 1
| #define HAVE_SYS_STAT_H 1
| #define HAVE_STDLIB_H 1
| #define HAVE_STRING_H 1
| #define HAVE_MEMORY_H 1
| #define HAVE_STRINGS_H 1
| #define HAVE_INTTYPES_H 1
| #define HAVE_STDINT_H 1
| #define HAVE_UNISTD_H 1
| #define HAVE_DLFCN_H 1
| #define LT_OBJDIR ".libs/"
| #define HAVE_FCNTL_H 1
| #define HAVE_LIBINTL_H 1
| #define HAVE_LOCALE_H 1
| #define HAVE_UNISTD_H 1
| #define HAVE_ERROR_H 1
| #define STDC_HEADERS 1
| #define HAVE_MEMCHR 1
| #define HAVE_SETLOCALE 1
| #define HAVE_STRCHR 1
| #define HAVE_STRSTR 1
| #define HAVE_VISIBILITY 1
| #define HAVE_STDINT_H_WITH_UINTMAX 1
| #define HAVE_ALLOCA_H 1
| #define HAVE_ALLOCA 1
| #define HAVE_STDLIB_H 1
| #define HAVE_UNISTD_H 1
| #define HAVE_SYS_PARAM_H 1
| #define HAVE_GETPAGESIZE 1
| #define HAVE_MMAP 1
| #define INTDIV0_RAISES_SIGFPE 1
| #define HAVE_INTTYPES_H_WITH_UINTMAX 1
| #define HAVE_UNSIGNED_LONG_LONG_INT 1
| #define HAVE_UINTMAX_T 1
| #define HAVE_INTTYPES_H 1
| #define __EXTENSIONS__ 1
| #define _ALL_SOURCE 1
| #define _GNU_SOURCE 1
| #define _POSIX_PTHREAD_SEMANTICS 1
| #define _TANDEM_SOURCE 1
| /* end confdefs.h.  */
| #include <pthread.h>
| int
| main ()
| {
| pthread_mutex_lock((pthread_mutex_t*)0);
|            pthread_mutexattr_init((pthread_mutexattr_t*)0);
|   ;
|   return 0;
| }
configure:17739: checking for pthread_kill in -lpthread
configure:17764: gcc -o conftest -g -O2   conftest.c -lpthread   >&5
configure:17764: $? = 0
configure:17773: result: yes
configure:17843: checking for pthread_rwlock_t
configure:17843: gcc -c -g -O2  conftest.c >&5
configure:17843: $? = 0
configure:17843: gcc -c -g -O2  conftest.c >&5
conftest.c: In function 'main':
conftest.c:59:31: error: expected expression before ')' token
 if (sizeof ((pthread_rwlock_t)))
                               ^
configure:17843: $? = 1
configure: failed program was:
| /* confdefs.h */
| #define PACKAGE_NAME "hunspell"
| #define PACKAGE_TARNAME "hunspell"
| #define PACKAGE_VERSION "1.3.3"
| #define PACKAGE_STRING "hunspell 1.3.3"
| #define PACKAGE_BUGREPORT "nemeth@numbertext.org"
| #define PACKAGE_URL ""
| #define PACKAGE "hunspell"
| #define VERSION "1.3.3"
| #define STDC_HEADERS 1
| #define HAVE_SYS_TYPES_H 1
| #define HAVE_SYS_STAT_H 1
| #define HAVE_STDLIB_H 1
| #define HAVE_STRING_H 1
| #define HAVE_MEMORY_H 1
| #define HAVE_STRINGS_H 1
| #define HAVE_INTTYPES_H 1
| #define HAVE_STDINT_H 1
| #define HAVE_UNISTD_H 1
| #define HAVE_DLFCN_H 1
| #define LT_OBJDIR ".libs/"
| #define HAVE_FCNTL_H 1
| #define HAVE_LIBINTL_H 1
| #define HAVE_LOCALE_H 1
| #define HAVE_UNISTD_H 1
| #define HAVE_ERROR_H 1
| #define STDC_HEADERS 1
| #define HAVE_MEMCHR 1
| #define HAVE_SETLOCALE 1
| #define HAVE_STRCHR 1
| #define HAVE_STRSTR 1
| #define HAVE_VISIBILITY 1
| #define HAVE_STDINT_H_WITH_UINTMAX 1
| #define HAVE_ALLOCA_H 1
| #define HAVE_ALLOCA 1
| #define HAVE_STDLIB_H 1
| #define HAVE_UNISTD_H 1
| #define HAVE_SYS_PARAM_H 1
| #define HAVE_GETPAGESIZE 1
| #define HAVE_MMAP 1
| #define INTDIV0_RAISES_SIGFPE 1
| #define HAVE_INTTYPES_H_WITH_UINTMAX 1
| #define HAVE_UNSIGNED_LONG_LONG_INT 1
| #define HAVE_UINTMAX_T 1
| #define HAVE_INTTYPES_H 1
| #define __EXTENSIONS__ 1
| #define _ALL_SOURCE 1
| #define _GNU_SOURCE 1
| #define _POSIX_PTHREAD_SEMANTICS 1
| #define _TANDEM_SOURCE 1
| #define USE_POSIX_THREADS 1
| #define USE_POSIX_THREADS_WEAK 1
| /* end confdefs.h.  */
| #include <pthread.h>
| 
| int
| main ()
| {
| if (sizeof ((pthread_rwlock_t)))
| 	    return 0;
|   ;
|   return 0;
| }
configure:17843: result: yes
configure:17868: gcc -c -g -O2  conftest.c >&5
configure:17868: $? = 0
configure:18466: checking for multithread API to use
configure:18468: result: posix
configure:18936: gcc -o conftest -g -O2   conftest.c  >&5
configure:18936: $? = 0
configure:18947: checking argz.h usability
configure:18947: gcc -c -g -O2  conftest.c >&5
configure:18947: $? = 0
configure:18947: result: yes
configure:18947: checking argz.h presence
configure:18947: gcc -E  conftest.c
configure:18947: $? = 0
configure:18947: result: yes
configure:18947: checking for argz.h
configure:18947: result: yes
configure:18947: checking for inttypes.h
configure:18947: result: yes
configure:18947: checking limits.h usability
configure:18947: gcc -c -g -O2  conftest.c >&5
configure:18947: $? = 0
configure:18947: result: yes
configure:18947: checking limits.h presence
configure:18947: gcc -E  conftest.c
configure:18947: $? = 0
configure:18947: result: yes
configure:18947: checking for limits.h
configure:18947: result: yes
configure:18947: checking for unistd.h
configure:18947: result: yes
configure:18947: checking for sys/param.h
configure:18947: result: yes
configure:18962: checking for getcwd
configure:18962: gcc -o conftest -g -O2   conftest.c  >&5
configure:18962: $? = 0
configure:18962: result: yes
configure:18962: checking for getegid
configure:18962: gcc -o conftest -g -O2   conftest.c  >&5
configure:18962: $? = 0
configure:18962: result: yes
configure:18962: checking for geteuid
configure:18962: gcc -o conftest -g -O2   conftest.c  >&5
configure:18962: $? = 0
configure:18962: result: yes
configure:18962: checking for getgid
configure:18962: gcc -o conftest -g -O2   conftest.c  >&5
configure:18962: $? = 0
configure:18962: result: yes
configure:18962: checking for getuid
configure:18962: gcc -o conftest -g -O2   conftest.c  >&5
configure:18962: $? = 0
configure:18962: result: yes
configure:18962: checking for mempcpy
configure:18962: gcc -o conftest -g -O2   conftest.c  >&5
conftest.c:90:6: warning: conflicting types for built-in function 'mempcpy'
 char mempcpy ();
      ^
configure:18962: $? = 0
configure:18962: result: yes
configure:18962: checking for munmap
configure:18962: gcc -o conftest -g -O2   conftest.c  >&5
configure:18962: $? = 0
configure:18962: result: yes
configure:18962: checking for stpcpy
configure:18962: gcc -o conftest -g -O2   conftest.c  >&5
conftest.c:92:6: warning: conflicting types for built-in function 'stpcpy'
 char stpcpy ();
      ^
configure:18962: $? = 0
configure:18962: result: yes
configure:18962: checking for strcasecmp
configure:18962: gcc -o conftest -g -O2   conftest.c  >&5
conftest.c:93:6: warning: conflicting types for built-in function 'strcasecmp'
 char strcasecmp ();
      ^
configure:18962: $? = 0
configure:18962: result: yes
configure:18962: checking for strdup
configure:18962: gcc -o conftest -g -O2   conftest.c  >&5
conftest.c:94:6: warning: conflicting types for built-in function 'strdup'
 char strdup ();
      ^
configure:18962: $? = 0
configure:18962: result: yes
configure:18962: checking for strtoul
configure:18962: gcc -o conftest -g -O2   conftest.c  >&5
configure:18962: $? = 0
configure:18962: result: yes
configure:18962: checking for tsearch
configure:18962: gcc -o conftest -g -O2   conftest.c  >&5
configure:18962: $? = 0
configure:18962: result: yes
configure:18962: checking for argz_count
configure:18962: gcc -o conftest -g -O2   conftest.c  >&5
configure:18962: $? = 0
configure:18962: result: yes
configure:18962: checking for argz_stringify
configure:18962: gcc -o conftest -g -O2   conftest.c  >&5
configure:18962: $? = 0
configure:18962: result: yes
configure:18962: checking for argz_next
configure:18962: gcc -o conftest -g -O2   conftest.c  >&5
configure:18962: $? = 0
configure:18962: result: yes
configure:18962: checking for __fsetlocking
configure:18962: gcc -o conftest -g -O2   conftest.c  >&5
configure:18962: $? = 0
configure:18962: result: yes
configure:18973: checking whether feof_unlocked is declared
configure:18993: gcc -c -g -O2  conftest.c >&5
configure:18993: $? = 0
configure:19000: result: yes
configure:19014: checking whether fgets_unlocked is declared
configure:19034: gcc -c -g -O2  conftest.c >&5
configure:19034: $? = 0
configure:19041: result: yes
configure:19085: checking for iconv
configure:19107: gcc -o conftest -g -O2   conftest.c  >&5
configure:19107: $? = 0
configure:19139: result: yes
configure:19142: checking for working iconv
configure:19218: gcc -o conftest -g -O2   conftest.c  >&5
configure:19218: $? = 0
configure:19218: ./conftest
configure:19218: $? = 0
configure:19230: result: yes
configure:19258: checking for iconv declaration
configure:19287: gcc -c -g -O2  conftest.c >&5
configure:19287: $? = 0
configure:19298: result: 
         extern size_t iconv (iconv_t cd, char * *inbuf, size_t *inbytesleft, char * *outbuf, size_t *outbytesleft);
configure:19309: checking for NL_LOCALE_NAME macro
configure:19328: gcc -o conftest -g -O2   conftest.c  >&5
configure:19328: $? = 0
configure:19337: result: yes
configure:19349: checking for bison
configure:19379: result: no
configure:19407: checking for long long int
configure:19447: gcc -o conftest -g -O2   conftest.c  >&5
configure:19447: $? = 0
configure:19477: gcc -o conftest -g -O2   conftest.c  >&5
configure:19477: $? = 0
configure:19477: ./conftest
configure:19477: $? = 0
configure:19492: result: yes
configure:19501: checking for wchar_t
configure:19518: gcc -c -g -O2  conftest.c >&5
configure:19518: $? = 0
configure:19525: result: yes
configure:19534: checking for wint_t
configure:19559: gcc -c -g -O2  conftest.c >&5
configure:19559: $? = 0
configure:19566: result: yes
configure:19577: checking for intmax_t
configure:19603: gcc -c -g -O2  conftest.c >&5
configure:19603: $? = 0
configure:19610: result: yes
configure:19620: checking whether printf() supports POSIX/XSI format strings
configure:19661: gcc -o conftest -g -O2   conftest.c  >&5
configure:19661: $? = 0
configure:19661: ./conftest
configure:19661: $? = 0
configure:19672: result: yes
configure:19683: checking whether we are using the GNU C Library 2.1 or newer
configure:19710: result: yes
configure:19719: checking for stdint.h
configure:19719: result: yes
configure:19729: checking for SIZE_MAX
configure:19801: result: yes
configure:19816: checking for stdint.h
configure:19816: result: yes
configure:19828: checking for CFPreferencesCopyAppValue
configure:19846: gcc -o conftest -g -O2   conftest.c  -Wl,-framework -Wl,CoreFoundation >&5
conftest.c:90:42: fatal error: CoreFoundation/CFPreferences.h: No such file or directory
 #include <CoreFoundation/CFPreferences.h>
                                          ^
compilation terminated.
configure:19846: $? = 1
configure: failed program was:
| /* confdefs.h */
| #define PACKAGE_NAME "hunspell"
| #define PACKAGE_TARNAME "hunspell"
| #define PACKAGE_VERSION "1.3.3"
| #define PACKAGE_STRING "hunspell 1.3.3"
| #define PACKAGE_BUGREPORT "nemeth@numbertext.org"
| #define PACKAGE_URL ""
| #define PACKAGE "hunspell"
| #define VERSION "1.3.3"
| #define STDC_HEADERS 1
| #define HAVE_SYS_TYPES_H 1
| #define HAVE_SYS_STAT_H 1
| #define HAVE_STDLIB_H 1
| #define HAVE_STRING_H 1
| #define HAVE_MEMORY_H 1
| #define HAVE_STRINGS_H 1
| #define HAVE_INTTYPES_H 1
| #define HAVE_STDINT_H 1
| #define HAVE_UNISTD_H 1
| #define HAVE_DLFCN_H 1
| #define LT_OBJDIR ".libs/"
| #define HAVE_FCNTL_H 1
| #define HAVE_LIBINTL_H 1
| #define HAVE_LOCALE_H 1
| #define HAVE_UNISTD_H 1
| #define HAVE_ERROR_H 1
| #define STDC_HEADERS 1
| #define HAVE_MEMCHR 1
| #define HAVE_SETLOCALE 1
| #define HAVE_STRCHR 1
| #define HAVE_STRSTR 1
| #define HAVE_VISIBILITY 1
| #define HAVE_STDINT_H_WITH_UINTMAX 1
| #define HAVE_ALLOCA_H 1
| #define HAVE_ALLOCA 1
| #define HAVE_STDLIB_H 1
| #define HAVE_UNISTD_H 1
| #define HAVE_SYS_PARAM_H 1
| #define HAVE_GETPAGESIZE 1
| #define HAVE_MMAP 1
| #define INTDIV0_RAISES_SIGFPE 1
| #define HAVE_INTTYPES_H_WITH_UINTMAX 1
| #define HAVE_UNSIGNED_LONG_LONG_INT 1
| #define HAVE_UINTMAX_T 1
| #define HAVE_INTTYPES_H 1
| #define __EXTENSIONS__ 1
| #define _ALL_SOURCE 1
| #define _GNU_SOURCE 1
| #define _POSIX_PTHREAD_SEMANTICS 1
| #define _TANDEM_SOURCE 1
| #define USE_POSIX_THREADS 1
| #define USE_POSIX_THREADS_WEAK 1
| #define HAVE_PTHREAD_RWLOCK 1
| #define HAVE_PTHREAD_MUTEX_RECURSIVE 1
| #define HAVE_BUILTIN_EXPECT 1
| #define HAVE_ARGZ_H 1
| #define HAVE_INTTYPES_H 1
| #define HAVE_LIMITS_H 1
| #define HAVE_UNISTD_H 1
| #define HAVE_SYS_PARAM_H 1
| #define HAVE_GETCWD 1
| #define HAVE_GETEGID 1
| #define HAVE_GETEUID 1
| #define HAVE_GETGID 1
| #define HAVE_GETUID 1
| #define HAVE_MEMPCPY 1
| #define HAVE_MUNMAP 1
| #define HAVE_STPCPY 1
| #define HAVE_STRCASECMP 1
| #define HAVE_STRDUP 1
| #define HAVE_STRTOUL 1
| #define HAVE_TSEARCH 1
| #define HAVE_ARGZ_COUNT 1
| #define HAVE_ARGZ_STRINGIFY 1
| #define HAVE_ARGZ_NEXT 1
| #define HAVE___FSETLOCKING 1
| #define HAVE_DECL_FEOF_UNLOCKED 1
| #define HAVE_DECL_FGETS_UNLOCKED 1
| #define HAVE_ICONV 1
| #define ICONV_CONST 
| #define HAVE_NL_LOCALE_NAME 1
| #define HAVE_LONG_LONG_INT 1
| #define HAVE_WCHAR_T 1
| #define HAVE_WINT_T 1
| #define HAVE_INTMAX_T 1
| #define HAVE_POSIX_PRINTF 1
| #define HAVE_STDINT_H 1
| #define HAVE_STDINT_H 1
| /* end confdefs.h.  */
| #include <CoreFoundation/CFPreferences.h>
| int
| main ()
| {
| CFPreferencesCopyAppValue(NULL, NULL)
|   ;
|   return 0;
| }
configure:19855: result: no
configure:19862: checking for CFLocaleCopyCurrent
configure:19880: gcc -o conftest -g -O2   conftest.c  -Wl,-framework -Wl,CoreFoundation >&5
conftest.c:90:37: fatal error: CoreFoundation/CFLocale.h: No such file or directory
 #include <CoreFoundation/CFLocale.h>
                                     ^
compilation terminated.
configure:19880: $? = 1
configure: failed program was:
| /* confdefs.h */
| #define PACKAGE_NAME "hunspell"
| #define PACKAGE_TARNAME "hunspell"
| #define PACKAGE_VERSION "1.3.3"
| #define PACKAGE_STRING "hunspell 1.3.3"
| #define PACKAGE_BUGREPORT "nemeth@numbertext.org"
| #define PACKAGE_URL ""
| #define PACKAGE "hunspell"
| #define VERSION "1.3.3"
| #define STDC_HEADERS 1
| #define HAVE_SYS_TYPES_H 1
| #define HAVE_SYS_STAT_H 1
| #define HAVE_STDLIB_H 1
| #define HAVE_STRING_H 1
| #define HAVE_MEMORY_H 1
| #define HAVE_STRINGS_H 1
| #define HAVE_INTTYPES_H 1
| #define HAVE_STDINT_H 1
| #define HAVE_UNISTD_H 1
| #define HAVE_DLFCN_H 1
| #define LT_OBJDIR ".libs/"
| #define HAVE_FCNTL_H 1
| #define HAVE_LIBINTL_H 1
| #define HAVE_LOCALE_H 1
| #define HAVE_UNISTD_H 1
| #define HAVE_ERROR_H 1
| #define STDC_HEADERS 1
| #define HAVE_MEMCHR 1
| #define HAVE_SETLOCALE 1
| #define HAVE_STRCHR 1
| #define HAVE_STRSTR 1
| #define HAVE_VISIBILITY 1
| #define HAVE_STDINT_H_WITH_UINTMAX 1
| #define HAVE_ALLOCA_H 1
| #define HAVE_ALLOCA 1
| #define HAVE_STDLIB_H 1
| #define HAVE_UNISTD_H 1
| #define HAVE_SYS_PARAM_H 1
| #define HAVE_GETPAGESIZE 1
| #define HAVE_MMAP 1
| #define INTDIV0_RAISES_SIGFPE 1
| #define HAVE_INTTYPES_H_WITH_UINTMAX 1
| #define HAVE_UNSIGNED_LONG_LONG_INT 1
| #define HAVE_UINTMAX_T 1
| #define HAVE_INTTYPES_H 1
| #define __EXTENSIONS__ 1
| #define _ALL_SOURCE 1
| #define _GNU_SOURCE 1
| #define _POSIX_PTHREAD_SEMANTICS 1
| #define _TANDEM_SOURCE 1
| #define USE_POSIX_THREADS 1
| #define USE_POSIX_THREADS_WEAK 1
| #define HAVE_PTHREAD_RWLOCK 1
| #define HAVE_PTHREAD_MUTEX_RECURSIVE 1
| #define HAVE_BUILTIN_EXPECT 1
| #define HAVE_ARGZ_H 1
| #define HAVE_INTTYPES_H 1
| #define HAVE_LIMITS_H 1
| #define HAVE_UNISTD_H 1
| #define HAVE_SYS_PARAM_H 1
| #define HAVE_GETCWD 1
| #define HAVE_GETEGID 1
| #define HAVE_GETEUID 1
| #define HAVE_GETGID 1
| #define HAVE_GETUID 1
| #define HAVE_MEMPCPY 1
| #define HAVE_MUNMAP 1
| #define HAVE_STPCPY 1
| #define HAVE_STRCASECMP 1
| #define HAVE_STRDUP 1
| #define HAVE_STRTOUL 1
| #define HAVE_TSEARCH 1
| #define HAVE_ARGZ_COUNT 1
| #define HAVE_ARGZ_STRINGIFY 1
| #define HAVE_ARGZ_NEXT 1
| #define HAVE___FSETLOCKING 1
| #define HAVE_DECL_FEOF_UNLOCKED 1
| #define HAVE_DECL_FGETS_UNLOCKED 1
| #define HAVE_ICONV 1
| #define ICONV_CONST 
| #define HAVE_NL_LOCALE_NAME 1
| #define HAVE_LONG_LONG_INT 1
| #define HAVE_WCHAR_T 1
| #define HAVE_WINT_T 1
| #define HAVE_INTMAX_T 1
| #define HAVE_POSIX_PRINTF 1
| #define HAVE_STDINT_H 1
| #define HAVE_STDINT_H 1
| /* end confdefs.h.  */
| #include <CoreFoundation/CFLocale.h>
| int
| main ()
| {
| CFLocaleCopyCurrent();
|   ;
|   return 0;
| }
configure:19889: result: no
configure:19907: checking for ptrdiff_t
configure:19907: gcc -c -g -O2  conftest.c >&5
configure:19907: $? = 0
configure:19907: gcc -c -g -O2  conftest.c >&5
conftest.c: In function 'main':
conftest.c:126:24: error: expected expression before ')' token
 if (sizeof ((ptrdiff_t)))
                        ^
configure:19907: $? = 1
configure: failed program was:
| /* confdefs.h */
| #define PACKAGE_NAME "hunspell"
| #define PACKAGE_TARNAME "hunspell"
| #define PACKAGE_VERSION "1.3.3"
| #define PACKAGE_STRING "hunspell 1.3.3"
| #define PACKAGE_BUGREPORT "nemeth@numbertext.org"
| #define PACKAGE_URL ""
| #define PACKAGE "hunspell"
| #define VERSION "1.3.3"
| #define STDC_HEADERS 1
| #define HAVE_SYS_TYPES_H 1
| #define HAVE_SYS_STAT_H 1
| #define HAVE_STDLIB_H 1
| #define HAVE_STRING_H 1
| #define HAVE_MEMORY_H 1
| #define HAVE_STRINGS_H 1
| #define HAVE_INTTYPES_H 1
| #define HAVE_STDINT_H 1
| #define HAVE_UNISTD_H 1
| #define HAVE_DLFCN_H 1
| #define LT_OBJDIR ".libs/"
| #define HAVE_FCNTL_H 1
| #define HAVE_LIBINTL_H 1
| #define HAVE_LOCALE_H 1
| #define HAVE_UNISTD_H 1
| #define HAVE_ERROR_H 1
| #define STDC_HEADERS 1
| #define HAVE_MEMCHR 1
| #define HAVE_SETLOCALE 1
| #define HAVE_STRCHR 1
| #define HAVE_STRSTR 1
| #define HAVE_VISIBILITY 1
| #define HAVE_STDINT_H_WITH_UINTMAX 1
| #define HAVE_ALLOCA_H 1
| #define HAVE_ALLOCA 1
| #define HAVE_STDLIB_H 1
| #define HAVE_UNISTD_H 1
| #define HAVE_SYS_PARAM_H 1
| #define HAVE_GETPAGESIZE 1
| #define HAVE_MMAP 1
| #define INTDIV0_RAISES_SIGFPE 1
| #define HAVE_INTTYPES_H_WITH_UINTMAX 1
| #define HAVE_UNSIGNED_LONG_LONG_INT 1
| #define HAVE_UINTMAX_T 1
| #define HAVE_INTTYPES_H 1
| #define __EXTENSIONS__ 1
| #define _ALL_SOURCE 1
| #define _GNU_SOURCE 1
| #define _POSIX_PTHREAD_SEMANTICS 1
| #define _TANDEM_SOURCE 1
| #define USE_POSIX_THREADS 1
| #define USE_POSIX_THREADS_WEAK 1
| #define HAVE_PTHREAD_RWLOCK 1
| #define HAVE_PTHREAD_MUTEX_RECURSIVE 1
| #define HAVE_BUILTIN_EXPECT 1
| #define HAVE_ARGZ_H 1
| #define HAVE_INTTYPES_H 1
| #define HAVE_LIMITS_H 1
| #define HAVE_UNISTD_H 1
| #define HAVE_SYS_PARAM_H 1
| #define HAVE_GETCWD 1
| #define HAVE_GETEGID 1
| #define HAVE_GETEUID 1
| #define HAVE_GETGID 1
| #define HAVE_GETUID 1
| #define HAVE_MEMPCPY 1
| #define HAVE_MUNMAP 1
| #define HAVE_STPCPY 1
| #define HAVE_STRCASECMP 1
| #define HAVE_STRDUP 1
| #define HAVE_STRTOUL 1
| #define HAVE_TSEARCH 1
| #define HAVE_ARGZ_COUNT 1
| #define HAVE_ARGZ_STRINGIFY 1
| #define HAVE_ARGZ_NEXT 1
| #define HAVE___FSETLOCKING 1
| #define HAVE_DECL_FEOF_UNLOCKED 1
| #define HAVE_DECL_FGETS_UNLOCKED 1
| #define HAVE_ICONV 1
| #define ICONV_CONST 
| #define HAVE_NL_LOCALE_NAME 1
| #define HAVE_LONG_LONG_INT 1
| #define HAVE_WCHAR_T 1
| #define HAVE_WINT_T 1
| #define HAVE_INTMAX_T 1
| #define HAVE_POSIX_PRINTF 1
| #define HAVE_STDINT_H 1
| #define HAVE_STDINT_H 1
| /* end confdefs.h.  */
| #include <stdio.h>
| #ifdef HAVE_SYS_TYPES_H
| # include <sys/types.h>
| #endif
| #ifdef HAVE_SYS_STAT_H
| # include <sys/stat.h>
| #endif
| #ifdef STDC_HEADERS
| # include <stdlib.h>
| # include <stddef.h>
| #else
| # ifdef HAVE_STDLIB_H
| #  include <stdlib.h>
| # endif
| #endif
| #ifdef HAVE_STRING_H
| # if !defined STDC_HEADERS && defined HAVE_MEMORY_H
| #  include <memory.h>
| # endif
| # include <string.h>
| #endif
| #ifdef HAVE_STRINGS_H
| # include <strings.h>
| #endif
| #ifdef HAVE_INTTYPES_H
| # include <inttypes.h>
| #endif
| #ifdef HAVE_STDINT_H
| # include <stdint.h>
| #endif
| #ifdef HAVE_UNISTD_H
| # include <unistd.h>
| #endif
| int
| main ()
| {
| if (sizeof ((ptrdiff_t)))
| 	    return 0;
|   ;
|   return 0;
| }
configure:19907: result: yes
configure:19920: checking stddef.h usability
configure:19920: gcc -c -g -O2  conftest.c >&5
configure:19920: $? = 0
configure:19920: result: yes
configure:19920: checking stddef.h presence
configure:19920: gcc -E  conftest.c
configure:19920: $? = 0
configure:19920: result: yes
configure:19920: checking for stddef.h
configure:19920: result: yes
configure:19920: checking for stdlib.h
configure:19920: result: yes
configure:19920: checking for string.h
configure:19920: result: yes
configure:19933: checking for asprintf
configure:19933: gcc -o conftest -g -O2   conftest.c  >&5
configure:19933: $? = 0
configure:19933: result: yes
configure:19933: checking for fwprintf
configure:19933: gcc -o conftest -g -O2   conftest.c  >&5
configure:19933: $? = 0
configure:19933: result: yes
configure:19933: checking for putenv
configure:19933: gcc -o conftest -g -O2   conftest.c  >&5
configure:19933: $? = 0
configure:19933: result: yes
configure:19933: checking for setenv
configure:19933: gcc -o conftest -g -O2   conftest.c  >&5
configure:19933: $? = 0
configure:19933: result: yes
configure:19933: checking for setlocale
configure:19933: result: yes
configure:19933: checking for snprintf
configure:19933: gcc -o conftest -g -O2   conftest.c  >&5
conftest.c:121:6: warning: conflicting types for built-in function 'snprintf'
 char snprintf ();
      ^
configure:19933: $? = 0
configure:19933: result: yes
configure:19933: checking for wcslen
configure:19933: gcc -o conftest -g -O2   conftest.c  >&5
configure:19933: $? = 0
configure:19933: result: yes
configure:19944: checking whether _snprintf is declared
configure:19964: gcc -c -g -O2  conftest.c >&5
conftest.c: In function 'main':
conftest.c:106:22: error: '_snprintf' undeclared (first use in this function)
   char *p = (char *) _snprintf;
                      ^
conftest.c:106:22: note: each undeclared identifier is reported only once for each function it appears in
configure:19964: $? = 1
configure: failed program was:
| /* confdefs.h */
| #define PACKAGE_NAME "hunspell"
| #define PACKAGE_TARNAME "hunspell"
| #define PACKAGE_VERSION "1.3.3"
| #define PACKAGE_STRING "hunspell 1.3.3"
| #define PACKAGE_BUGREPORT "nemeth@numbertext.org"
| #define PACKAGE_URL ""
| #define PACKAGE "hunspell"
| #define VERSION "1.3.3"
| #define STDC_HEADERS 1
| #define HAVE_SYS_TYPES_H 1
| #define HAVE_SYS_STAT_H 1
| #define HAVE_STDLIB_H 1
| #define HAVE_STRING_H 1
| #define HAVE_MEMORY_H 1
| #define HAVE_STRINGS_H 1
| #define HAVE_INTTYPES_H 1
| #define HAVE_STDINT_H 1
| #define HAVE_UNISTD_H 1
| #define HAVE_DLFCN_H 1
| #define LT_OBJDIR ".libs/"
| #define HAVE_FCNTL_H 1
| #define HAVE_LIBINTL_H 1
| #define HAVE_LOCALE_H 1
| #define HAVE_UNISTD_H 1
| #define HAVE_ERROR_H 1
| #define STDC_HEADERS 1
| #define HAVE_MEMCHR 1
| #define HAVE_SETLOCALE 1
| #define HAVE_STRCHR 1
| #define HAVE_STRSTR 1
| #define HAVE_VISIBILITY 1
| #define HAVE_STDINT_H_WITH_UINTMAX 1
| #define HAVE_ALLOCA_H 1
| #define HAVE_ALLOCA 1
| #define HAVE_STDLIB_H 1
| #define HAVE_UNISTD_H 1
| #define HAVE_SYS_PARAM_H 1
| #define HAVE_GETPAGESIZE 1
| #define HAVE_MMAP 1
| #define INTDIV0_RAISES_SIGFPE 1
| #define HAVE_INTTYPES_H_WITH_UINTMAX 1
| #define HAVE_UNSIGNED_LONG_LONG_INT 1
| #define HAVE_UINTMAX_T 1
| #define HAVE_INTTYPES_H 1
| #define __EXTENSIONS__ 1
| #define _ALL_SOURCE 1
| #define _GNU_SOURCE 1
| #define _POSIX_PTHREAD_SEMANTICS 1
| #define _TANDEM_SOURCE 1
| #define USE_POSIX_THREADS 1
| #define USE_POSIX_THREADS_WEAK 1
| #define HAVE_PTHREAD_RWLOCK 1
| #define HAVE_PTHREAD_MUTEX_RECURSIVE 1
| #define HAVE_BUILTIN_EXPECT 1
| #define HAVE_ARGZ_H 1
| #define HAVE_INTTYPES_H 1
| #define HAVE_LIMITS_H 1
| #define HAVE_UNISTD_H 1
| #define HAVE_SYS_PARAM_H 1
| #define HAVE_GETCWD 1
| #define HAVE_GETEGID 1
| #define HAVE_GETEUID 1
| #define HAVE_GETGID 1
| #define HAVE_GETUID 1
| #define HAVE_MEMPCPY 1
| #define HAVE_MUNMAP 1
| #define HAVE_STPCPY 1
| #define HAVE_STRCASECMP 1
| #define HAVE_STRDUP 1
| #define HAVE_STRTOUL 1
| #define HAVE_TSEARCH 1
| #define HAVE_ARGZ_COUNT 1
| #define HAVE_ARGZ_STRINGIFY 1
| #define HAVE_ARGZ_NEXT 1
| #define HAVE___FSETLOCKING 1
| #define HAVE_DECL_FEOF_UNLOCKED 1
| #define HAVE_DECL_FGETS_UNLOCKED 1
| #define HAVE_ICONV 1
| #define ICONV_CONST 
| #define HAVE_NL_LOCALE_NAME 1
| #define HAVE_LONG_LONG_INT 1
| #define HAVE_WCHAR_T 1
| #define HAVE_WINT_T 1
| #define HAVE_INTMAX_T 1
| #define HAVE_POSIX_PRINTF 1
| #define HAVE_STDINT_H 1
| #define HAVE_STDINT_H 1
| #define HAVE_STDDEF_H 1
| #define HAVE_STDLIB_H 1
| #define HAVE_STRING_H 1
| #define HAVE_ASPRINTF 1
| #define HAVE_FWPRINTF 1
| #define HAVE_PUTENV 1
| #define HAVE_SETENV 1
| #define HAVE_SETLOCALE 1
| #define HAVE_SNPRINTF 1
| #define HAVE_WCSLEN 1
| /* end confdefs.h.  */
| #include <stdio.h>
| int
| main ()
| {
| 
| #ifndef _snprintf
|   char *p = (char *) _snprintf;
| #endif
| 
|   ;
|   return 0;
| }
configure:19971: result: no
configure:19985: checking whether _snwprintf is declared
configure:20005: gcc -c -g -O2  conftest.c >&5
conftest.c: In function 'main':
conftest.c:107:22: error: '_snwprintf' undeclared (first use in this function)
   char *p = (char *) _snwprintf;
                      ^
conftest.c:107:22: note: each undeclared identifier is reported only once for each function it appears in
configure:20005: $? = 1
configure: failed program was:
| /* confdefs.h */
| #define PACKAGE_NAME "hunspell"
| #define PACKAGE_TARNAME "hunspell"
| #define PACKAGE_VERSION "1.3.3"
| #define PACKAGE_STRING "hunspell 1.3.3"
| #define PACKAGE_BUGREPORT "nemeth@numbertext.org"
| #define PACKAGE_URL ""
| #define PACKAGE "hunspell"
| #define VERSION "1.3.3"
| #define STDC_HEADERS 1
| #define HAVE_SYS_TYPES_H 1
| #define HAVE_SYS_STAT_H 1
| #define HAVE_STDLIB_H 1
| #define HAVE_STRING_H 1
| #define HAVE_MEMORY_H 1
| #define HAVE_STRINGS_H 1
| #define HAVE_INTTYPES_H 1
| #define HAVE_STDINT_H 1
| #define HAVE_UNISTD_H 1
| #define HAVE_DLFCN_H 1
| #define LT_OBJDIR ".libs/"
| #define HAVE_FCNTL_H 1
| #define HAVE_LIBINTL_H 1
| #define HAVE_LOCALE_H 1
| #define HAVE_UNISTD_H 1
| #define HAVE_ERROR_H 1
| #define STDC_HEADERS 1
| #define HAVE_MEMCHR 1
| #define HAVE_SETLOCALE 1
| #define HAVE_STRCHR 1
| #define HAVE_STRSTR 1
| #define HAVE_VISIBILITY 1
| #define HAVE_STDINT_H_WITH_UINTMAX 1
| #define HAVE_ALLOCA_H 1
| #define HAVE_ALLOCA 1
| #define HAVE_STDLIB_H 1
| #define HAVE_UNISTD_H 1
| #define HAVE_SYS_PARAM_H 1
| #define HAVE_GETPAGESIZE 1
| #define HAVE_MMAP 1
| #define INTDIV0_RAISES_SIGFPE 1
| #define HAVE_INTTYPES_H_WITH_UINTMAX 1
| #define HAVE_UNSIGNED_LONG_LONG_INT 1
| #define HAVE_UINTMAX_T 1
| #define HAVE_INTTYPES_H 1
| #define __EXTENSIONS__ 1
| #define _ALL_SOURCE 1
| #define _GNU_SOURCE 1
| #define _POSIX_PTHREAD_SEMANTICS 1
| #define _TANDEM_SOURCE 1
| #define USE_POSIX_THREADS 1
| #define USE_POSIX_THREADS_WEAK 1
| #define HAVE_PTHREAD_RWLOCK 1
| #define HAVE_PTHREAD_MUTEX_RECURSIVE 1
| #define HAVE_BUILTIN_EXPECT 1
| #define HAVE_ARGZ_H 1
| #define HAVE_INTTYPES_H 1
| #define HAVE_LIMITS_H 1
| #define HAVE_UNISTD_H 1
| #define HAVE_SYS_PARAM_H 1
| #define HAVE_GETCWD 1
| #define HAVE_GETEGID 1
| #define HAVE_GETEUID 1
| #define HAVE_GETGID 1
| #define HAVE_GETUID 1
| #define HAVE_MEMPCPY 1
| #define HAVE_MUNMAP 1
| #define HAVE_STPCPY 1
| #define HAVE_STRCASECMP 1
| #define HAVE_STRDUP 1
| #define HAVE_STRTOUL 1
| #define HAVE_TSEARCH 1
| #define HAVE_ARGZ_COUNT 1
| #define HAVE_ARGZ_STRINGIFY 1
| #define HAVE_ARGZ_NEXT 1
| #define HAVE___FSETLOCKING 1
| #define HAVE_DECL_FEOF_UNLOCKED 1
| #define HAVE_DECL_FGETS_UNLOCKED 1
| #define HAVE_ICONV 1
| #define ICONV_CONST 
| #define HAVE_NL_LOCALE_NAME 1
| #define HAVE_LONG_LONG_INT 1
| #define HAVE_WCHAR_T 1
| #define HAVE_WINT_T 1
| #define HAVE_INTMAX_T 1
| #define HAVE_POSIX_PRINTF 1
| #define HAVE_STDINT_H 1
| #define HAVE_STDINT_H 1
| #define HAVE_STDDEF_H 1
| #define HAVE_STDLIB_H 1
| #define HAVE_STRING_H 1
| #define HAVE_ASPRINTF 1
| #define HAVE_FWPRINTF 1
| #define HAVE_PUTENV 1
| #define HAVE_SETENV 1
| #define HAVE_SETLOCALE 1
| #define HAVE_SNPRINTF 1
| #define HAVE_WCSLEN 1
| #define HAVE_DECL__SNPRINTF 0
| /* end confdefs.h.  */
| #include <stdio.h>
| int
| main ()
| {
| 
| #ifndef _snwprintf
|   char *p = (char *) _snwprintf;
| #endif
| 
|   ;
|   return 0;
| }
configure:20012: result: no
configure:20027: checking whether getc_unlocked is declared
configure:20047: gcc -c -g -O2  conftest.c >&5
configure:20047: $? = 0
configure:20054: result: yes
configure:20093: checking for nl_langinfo and CODESET
configure:20109: gcc -o conftest -g -O2   conftest.c  >&5
configure:20109: $? = 0
configure:20118: result: yes
configure:20127: checking for LC_MESSAGES
configure:20143: gcc -o conftest -g -O2   conftest.c  >&5
configure:20143: $? = 0
configure:20151: result: yes
configure:20302: checking for CFPreferencesCopyAppValue
configure:20329: result: no
configure:20336: checking for CFLocaleCopyCurrent
configure:20363: result: no
configure:20398: checking whether included gettext is requested
configure:20408: result: no
configure:20431: checking for GNU gettext in libc
configure:20451: gcc -o conftest -g -O2   conftest.c  >&5
configure:20451: $? = 0
configure:20460: result: yes
configure:21023: checking whether to use NLS
configure:21025: result: yes
configure:21028: checking where the gettext function comes from
configure:21039: result: libc
configure:21565: checking that generated files are newer than configure
configure:21571: result: done
configure:21598: creating ./config.status

## ---------------------- ##
## Running config.status. ##
## ---------------------- ##

This file was extended by hunspell config.status 1.3.3, which was
generated by GNU Autoconf 2.69.  Invocation command line was

  CONFIG_FILES    = 
  CONFIG_HEADERS  = 
  CONFIG_LINKS    = 
  CONFIG_COMMANDS = 
  $ ./config.status 

on bktkowks04

config.status:1308: creating Makefile
config.status:1308: creating hunspell.pc
config.status:1308: creating man/Makefile
config.status:1308: creating man/hu/Makefile
config.status:1308: creating intl/Makefile
config.status:1308: creating po/Makefile.in
config.status:1308: creating m4/Makefile
config.status:1308: creating src/Makefile
config.status:1308: creating src/hunspell/Makefile
config.status:1308: creating src/hunspell/hunvisapi.h
config.status:1308: creating src/parsers/Makefile
config.status:1308: creating src/tools/Makefile
config.status:1308: creating src/win_api/Makefile
config.status:1308: creating tests/Makefile
config.status:1308: creating tests/suggestiontest/Makefile
config.status:1308: creating config.h
config.status:1489: config.h is unchanged
config.status:1537: executing depfiles commands
config.status:1537: executing libtool commands
config.status:1537: executing po-directories commands

## ---------------- ##
## Cache variables. ##
## ---------------- ##

ac_cv_build=x86_64-unknown-linux-gnu
ac_cv_c_compiler_gnu=yes
ac_cv_c_const=yes
ac_cv_c_inline=inline
ac_cv_cxx_compiler_gnu=yes
ac_cv_env_CCC_set=
ac_cv_env_CCC_value=
ac_cv_env_CC_set=
ac_cv_env_CC_value=
ac_cv_env_CFLAGS_set=
ac_cv_env_CFLAGS_value=
ac_cv_env_CPPFLAGS_set=
ac_cv_env_CPPFLAGS_value=
ac_cv_env_CPP_set=
ac_cv_env_CPP_value=
ac_cv_env_CXXCPP_set=
ac_cv_env_CXXCPP_value=
ac_cv_env_CXXFLAGS_set=
ac_cv_env_CXXFLAGS_value=
ac_cv_env_CXX_set=
ac_cv_env_CXX_value=
ac_cv_env_LDFLAGS_set=
ac_cv_env_LDFLAGS_value=
ac_cv_env_LIBS_set=
ac_cv_env_LIBS_value=
ac_cv_env_build_alias_set=
ac_cv_env_build_alias_value=
ac_cv_env_host_alias_set=
ac_cv_env_host_alias_value=
ac_cv_env_target_alias_set=
ac_cv_env_target_alias_value=
ac_cv_func___fsetlocking=yes
ac_cv_func_alloca_works=yes
ac_cv_func_argz_count=yes
ac_cv_func_argz_next=yes
ac_cv_func_argz_stringify=yes
ac_cv_func_asprintf=yes
ac_cv_func_fwprintf=yes
ac_cv_func_getcwd=yes
ac_cv_func_getegid=yes
ac_cv_func_geteuid=yes
ac_cv_func_getgid=yes
ac_cv_func_getpagesize=yes
ac_cv_func_getuid=yes
ac_cv_func_memchr=yes
ac_cv_func_mempcpy=yes
ac_cv_func_mmap_fixed_mapped=yes
ac_cv_func_munmap=yes
ac_cv_func_putenv=yes
ac_cv_func_setenv=yes
ac_cv_func_setlocale=yes
ac_cv_func_snprintf=yes
ac_cv_func_stpcpy=yes
ac_cv_func_strcasecmp=yes
ac_cv_func_strchr=yes
ac_cv_func_strdup=yes
ac_cv_func_strstr=yes
ac_cv_func_strtoul=yes
ac_cv_func_tsearch=yes
ac_cv_func_wcslen=yes
ac_cv_gnu_library_2=yes
ac_cv_gnu_library_2_1=yes
ac_cv_have_decl__snprintf=no
ac_cv_have_decl__snwprintf=no
ac_cv_have_decl_feof_unlocked=yes
ac_cv_have_decl_fgets_unlocked=yes
ac_cv_have_decl_getc_unlocked=yes
ac_cv_header_argz_h=yes
ac_cv_header_dlfcn_h=yes
ac_cv_header_error_h=yes
ac_cv_header_fcntl_h=yes
ac_cv_header_inttypes_h=yes
ac_cv_header_libintl_h=yes
ac_cv_header_limits_h=yes
ac_cv_header_locale_h=yes
ac_cv_header_memory_h=yes
ac_cv_header_minix_config_h=no
ac_cv_header_pthread_h=yes
ac_cv_header_stdc=yes
ac_cv_header_stddef_h=yes
ac_cv_header_stdint_h=yes
ac_cv_header_stdlib_h=yes
ac_cv_header_string_h=yes
ac_cv_header_strings_h=yes
ac_cv_header_sys_param_h=yes
ac_cv_header_sys_stat_h=yes
ac_cv_header_sys_types_h=yes
ac_cv_header_unistd_h=yes
ac_cv_host=x86_64-unknown-linux-gnu
ac_cv_lib_error_at_line=yes
ac_cv_lib_pthread_pthread_kill=yes
ac_cv_objext=o
ac_cv_path_EGREP='/bin/grep -E'
ac_cv_path_FGREP='/bin/grep -F'
ac_cv_path_GMSGFMT=/usr/bin/msgfmt
ac_cv_path_GREP=/bin/grep
ac_cv_path_MSGFMT=/usr/bin/msgfmt
ac_cv_path_MSGMERGE=/usr/bin/msgmerge
ac_cv_path_SED=/bin/sed
ac_cv_path_XGETTEXT=/usr/bin/xgettext
ac_cv_path_install='/usr/bin/install -c'
ac_cv_path_mkdir=/bin/mkdir
ac_cv_prog_AWK=mawk
ac_cv_prog_CPP='gcc -E'
ac_cv_prog_CXXCPP='g++ -E'
ac_cv_prog_ac_ct_AR=ar
ac_cv_prog_ac_ct_CC=gcc
ac_cv_prog_ac_ct_CXX=g++
ac_cv_prog_ac_ct_MANIFEST_TOOL=mt
ac_cv_prog_ac_ct_OBJDUMP=objdump
ac_cv_prog_ac_ct_RANLIB=ranlib
ac_cv_prog_ac_ct_STRIP=strip
ac_cv_prog_cc_c89=
ac_cv_prog_cc_g=yes
ac_cv_prog_cxx_g=yes
ac_cv_prog_make_make_set=yes
ac_cv_safe_to_define___extensions__=yes
ac_cv_target=x86_64-unknown-linux-gnu
ac_cv_type_long_long_int=yes
ac_cv_type_pthread_rwlock_t=yes
ac_cv_type_ptrdiff_t=yes
ac_cv_type_size_t=yes
ac_cv_type_unsigned_long_long_int=yes
ac_cv_working_alloca_h=yes
acl_cv_hardcode_direct=no
acl_cv_hardcode_libdir_flag_spec='${wl}-rpath ${wl}$libdir'
acl_cv_hardcode_libdir_separator=
acl_cv_hardcode_minus_L=no
acl_cv_libext=a
acl_cv_libname_spec='lib$name'
acl_cv_library_names_spec='$libname$shrext'
acl_cv_path_LD='/usr/bin/ld -m elf_x86_64'
acl_cv_prog_gnu_ld=yes
acl_cv_rpath=done
acl_cv_shlibext=so
acl_cv_wl=-Wl,
am_cv_CC_dependencies_compiler_type=gcc3
am_cv_CXX_dependencies_compiler_type=gcc3
am_cv_func_iconv=yes
am_cv_func_iconv_works=yes
am_cv_langinfo_codeset=yes
am_cv_lib_iconv=no
am_cv_make_support_nested_variables=yes
am_cv_prog_cc_c_o=yes
am_cv_proto_iconv='extern size_t iconv (iconv_t cd, char * *inbuf, size_t *inbytesleft, char * *outbuf, size_t *outbytesleft);'
am_cv_proto_iconv_arg1=
gl_cv_cc_visibility=yes
gl_cv_header_inttypes_h=yes
gl_cv_header_stdint_h=yes
gl_cv_size_max=yes
gt_cv_c_intmax_t=yes
gt_cv_c_wchar_t=yes
gt_cv_c_wint_t=yes
gt_cv_func_CFLocaleCopyCurrent=no
gt_cv_func_CFPreferencesCopyAppValue=no
gt_cv_func_gnugettext1_libc=yes
gt_cv_func_printf_posix=yes
gt_cv_int_divbyzero_sigfpe=yes
gt_cv_inttypes_pri_broken=no
gt_cv_nl_locale_name=yes
gt_cv_val_LC_MESSAGES=yes
lt_cv_ar_at_file=@
lt_cv_archive_cmds_need_lc=no
lt_cv_deplibs_check_method=pass_all
lt_cv_file_magic_cmd='$MAGIC_CMD'
lt_cv_file_magic_test_file=
lt_cv_ld_reload_flag=-r
lt_cv_nm_interface='BSD nm'
lt_cv_objdir=.libs
lt_cv_path_LD=/usr/bin/ld
lt_cv_path_LDCXX='/usr/bin/ld -m elf_x86_64'
lt_cv_path_NM='/usr/bin/nm -B'
lt_cv_path_mainfest_tool=no
lt_cv_prog_compiler_c_o=yes
lt_cv_prog_compiler_c_o_CXX=yes
lt_cv_prog_compiler_pic='-fPIC -DPIC'
lt_cv_prog_compiler_pic_CXX='-fPIC -DPIC'
lt_cv_prog_compiler_pic_works=yes
lt_cv_prog_compiler_pic_works_CXX=yes
lt_cv_prog_compiler_rtti_exceptions=no
lt_cv_prog_compiler_static_works=yes
lt_cv_prog_compiler_static_works_CXX=yes
lt_cv_prog_gnu_ld=yes
lt_cv_prog_gnu_ldcxx=yes
lt_cv_sharedlib_from_linklib_cmd='printf %s\n'
lt_cv_shlibpath_overrides_runpath=no
lt_cv_sys_global_symbol_pipe='sed -n -e '\''s/^.*[	 ]\([ABCDGIRSTW][ABCDGIRSTW]*\)[	 ][	 ]*\([_A-Za-z][_A-Za-z0-9]*\)$/\1 \2 \2/p'\'' | sed '\''/ __gnu_lto/d'\'''
lt_cv_sys_global_symbol_to_c_name_address='sed -n -e '\''s/^: \([^ ]*\)[ ]*$/  {\"\1\", (void *) 0},/p'\'' -e '\''s/^[ABCDGIRSTW]* \([^ ]*\) \([^ ]*\)$/  {"\2", (void *) \&\2},/p'\'''
lt_cv_sys_global_symbol_to_c_name_address_lib_prefix='sed -n -e '\''s/^: \([^ ]*\)[ ]*$/  {\"\1\", (void *) 0},/p'\'' -e '\''s/^[ABCDGIRSTW]* \([^ ]*\) \(lib[^ ]*\)$/  {"\2", (void *) \&\2},/p'\'' -e '\''s/^[ABCDGIRSTW]* \([^ ]*\) \([^ ]*\)$/  {"lib\2", (void *) \&\2},/p'\'''
lt_cv_sys_global_symbol_to_cdecl='sed -n -e '\''s/^T .* \(.*\)$/extern int \1();/p'\'' -e '\''s/^[ABCDGIRSTW]* .* \(.*\)$/extern char \1;/p'\'''
lt_cv_sys_max_cmd_len=1572864
lt_cv_to_host_file_cmd=func_convert_file_noop
lt_cv_to_tool_file_cmd=func_convert_file_noop
nls_cv_force_use_gnu_gettext=no
nls_cv_header_intl=
nls_cv_header_libgt=
nls_cv_use_gnu_gettext=no

## ----------------- ##
## Output variables. ##
## ----------------- ##

ACLOCAL='${SHELL} /home/tom/Development/hunspell/missing aclocal-1.14'
ALLOCA=''
AMDEPBACKSLASH='\'
AMDEP_FALSE='#'
AMDEP_TRUE=''
AMTAR='$${TAR-tar}'
AM_BACKSLASH='\'
AM_DEFAULT_V='$(AM_DEFAULT_VERBOSITY)'
AM_DEFAULT_VERBOSITY='1'
AM_V='$(V)'
AR='ar'
AS='as'
AUTOCONF='${SHELL} /home/tom/Development/hunspell/missing autoconf'
AUTOHEADER='${SHELL} /home/tom/Development/hunspell/missing autoheader'
AUTOMAKE='${SHELL} /home/tom/Development/hunspell/missing automake-1.14'
AWK='mawk'
BUILD_INCLUDED_LIBINTL='no'
CATOBJEXT='.gmo'
CC='gcc'
CCDEPMODE='depmode=gcc3'
CFLAGS='-g -O2'
CFLAG_VISIBILITY='-fvisibility=hidden'
CPP='gcc -E'
CPPFLAGS=''
CURSESLIB=''
CXX='g++'
CXXCPP='g++ -E'
CXXDEPMODE='depmode=gcc3'
CXXFLAGS='-g -O2'
CYGPATH_W='echo'
DATADIRNAME='share'
DEFS='-DHAVE_CONFIG_H'
DEPDIR='.deps'
DLLTOOL='false'
DSYMUTIL=''
DUMPBIN=''
ECHO_C=''
ECHO_N='-n'
ECHO_T=''
EGREP='/bin/grep -E'
EXEEXT=''
FGREP='/bin/grep -F'
GENCAT='gencat'
GETTEXT_MACRO_VERSION='0.17'
GLIBC21='yes'
GLIBC2='yes'
GMSGFMT='/usr/bin/msgfmt'
GMSGFMT_015='/usr/bin/msgfmt'
GREP='/bin/grep'
HAVE_ASPRINTF='1'
HAVE_POSIX_PRINTF='1'
HAVE_SNPRINTF='1'
HAVE_VISIBILITY='1'
HAVE_WPRINTF='0'
HUNSPELL_VERSION_MAJOR='1'
HUNSPELL_VERSION_MINOR='3'
INSTALL_DATA='${INSTALL} -m 644'
INSTALL_PROGRAM='${INSTALL}'
INSTALL_SCRIPT='${INSTALL}'
INSTALL_STRIP_PROGRAM='$(install_sh) -c -s'
INSTOBJEXT='.mo'
INTLBISON=':'
INTLLIBS=''
INTLOBJS=''
INTL_LIBTOOL_SUFFIX_PREFIX=''
INTL_MACOSX_LIBS=''
LD='/usr/bin/ld -m elf_x86_64'
LDFLAGS=''
LIBICONV=''
LIBINTL=''
LIBMULTITHREAD='-lpthread'
LIBOBJS=''
LIBPTH=''
LIBPTH_PREFIX=''
LIBS=''
LIBTHREAD=''
LIBTOOL='$(SHELL) $(top_builddir)/libtool'
LIPO=''
LN_S='ln -s'
LTLIBC='-lc'
LTLIBICONV=''
LTLIBINTL=''
LTLIBMULTITHREAD='-lpthread'
LTLIBOBJS=''
LTLIBPTH=''
LTLIBTHREAD=''
MAKEINFO='${SHELL} /home/tom/Development/hunspell/missing makeinfo'
MANIFEST_TOOL=':'
MKDIR_P='/bin/mkdir -p'
MSGFMT='/usr/bin/msgfmt'
MSGFMT_015='/usr/bin/msgfmt'
MSGMERGE='/usr/bin/msgmerge'
NM='/usr/bin/nm -B'
NMEDIT=''
OBJDUMP='objdump'
OBJEXT='o'
OTOOL64=''
OTOOL=''
PACKAGE='hunspell'
PACKAGE_BUGREPORT='nemeth@numbertext.org'
PACKAGE_NAME='hunspell'
PACKAGE_STRING='hunspell 1.3.3'
PACKAGE_TARNAME='hunspell'
PACKAGE_URL=''
PACKAGE_VERSION='1.3.3'
PATH_SEPARATOR=':'
POSUB='po'
PRI_MACROS_BROKEN='0'
RANLIB='ranlib'
READLINELIB=''
SED='/bin/sed'
SET_MAKE=''
SHELL='/bin/bash'
STRIP='strip'
USE_INCLUDED_LIBINTL='no'
USE_NLS='yes'
VERSION='1.3.3'
WINDRES=''
WOE32='no'
WOE32DLL='no'
XFAILED=''
XGETTEXT='/usr/bin/xgettext'
XGETTEXT_015='/usr/bin/xgettext'
XGETTEXT_EXTRA_OPTIONS=''
ac_ct_AR='ar'
ac_ct_CC='gcc'
ac_ct_CXX='g++'
ac_ct_DUMPBIN=''
am__EXEEXT_FALSE=''
am__EXEEXT_TRUE='#'
am__fastdepCC_FALSE='#'
am__fastdepCC_TRUE=''
am__fastdepCXX_FALSE='#'
am__fastdepCXX_TRUE=''
am__include='include'
am__isrc=''
am__leading_dot='.'
am__nodep='_no'
am__quote=''
am__tar='$${TAR-tar} chof - "$$tardir"'
am__untar='$${TAR-tar} xf -'
bindir='${exec_prefix}/bin'
build='x86_64-unknown-linux-gnu'
build_alias=''
build_cpu='x86_64'
build_os='linux-gnu'
build_vendor='unknown'
datadir='${datarootdir}'
datarootdir='${prefix}/share'
docdir='${datarootdir}/doc/${PACKAGE_TARNAME}'
dvidir='${docdir}'
exec_prefix='${prefix}'
host='x86_64-unknown-linux-gnu'
host_alias=''
host_cpu='x86_64'
host_os='linux-gnu'
host_vendor='unknown'
htmldir='${docdir}'
includedir='${prefix}/include'
infodir='${datarootdir}/info'
install_sh='${SHELL} /home/tom/Development/hunspell/install-sh'
libdir='${exec_prefix}/lib'
libexecdir='${exec_prefix}/libexec'
localedir='${datarootdir}/locale'
localstatedir='${prefix}/var'
mandir='${datarootdir}/man'
mkdir_p='/bin/mkdir -p'
oldincludedir='/usr/include'
pdfdir='${docdir}'
prefix='/usr/local'
program_transform_name='s,x,x,'
psdir='${docdir}'
sbindir='${exec_prefix}/sbin'
sharedstatedir='${prefix}/com'
sysconfdir='${prefix}/etc'
target='x86_64-unknown-linux-gnu'
target_alias=''
target_cpu='x86_64'
target_os='linux-gnu'
target_vendor='unknown'

## ----------- ##
## confdefs.h. ##
## ----------- ##

/* confdefs.h */
#define PACKAGE_NAME "hunspell"
#define PACKAGE_TARNAME "hunspell"
#define PACKAGE_VERSION "1.3.3"
#define PACKAGE_STRING "hunspell 1.3.3"
#define PACKAGE_BUGREPORT "nemeth@numbertext.org"
#define PACKAGE_URL ""
#define PACKAGE "hunspell"
#define VERSION "1.3.3"
#define STDC_HEADERS 1
#define HAVE_SYS_TYPES_H 1
#define HAVE_SYS_STAT_H 1
#define HAVE_STDLIB_H 1
#define HAVE_STRING_H 1
#define HAVE_MEMORY_H 1
#define HAVE_STRINGS_H 1
#define HAVE_INTTYPES_H 1
#define HAVE_STDINT_H 1
#define HAVE_UNISTD_H 1
#define HAVE_DLFCN_H 1
#define LT_OBJDIR ".libs/"
#define HAVE_FCNTL_H 1
#define HAVE_LIBINTL_H 1
#define HAVE_LOCALE_H 1
#define HAVE_UNISTD_H 1
#define HAVE_ERROR_H 1
#define STDC_HEADERS 1
#define HAVE_MEMCHR 1
#define HAVE_SETLOCALE 1
#define HAVE_STRCHR 1
#define HAVE_STRSTR 1
#define HAVE_VISIBILITY 1
#define HAVE_STDINT_H_WITH_UINTMAX 1
#define HAVE_ALLOCA_H 1
#define HAVE_ALLOCA 1
#define HAVE_STDLIB_H 1
#define HAVE_UNISTD_H 1
#define HAVE_SYS_PARAM_H 1
#define HAVE_GETPAGESIZE 1
#define HAVE_MMAP 1
#define INTDIV0_RAISES_SIGFPE 1
#define HAVE_INTTYPES_H_WITH_UINTMAX 1
#define HAVE_UNSIGNED_LONG_LONG_INT 1
#define HAVE_UINTMAX_T 1
#define HAVE_INTTYPES_H 1
#define __EXTENSIONS__ 1
#define _ALL_SOURCE 1
#define _GNU_SOURCE 1
#define _POSIX_PTHREAD_SEMANTICS 1
#define _TANDEM_SOURCE 1
#define USE_POSIX_THREADS 1
#define USE_POSIX_THREADS_WEAK 1
#define HAVE_PTHREAD_RWLOCK 1
#define HAVE_PTHREAD_MUTEX_RECURSIVE 1
#define HAVE_BUILTIN_EXPECT 1
#define HAVE_ARGZ_H 1
#define HAVE_INTTYPES_H 1
#define HAVE_LIMITS_H 1
#define HAVE_UNISTD_H 1
#define HAVE_SYS_PARAM_H 1
#define HAVE_GETCWD 1
#define HAVE_GETEGID 1
#define HAVE_GETEUID 1
#define HAVE_GETGID 1
#define HAVE_GETUID 1
#define HAVE_MEMPCPY 1
#define HAVE_MUNMAP 1
#define HAVE_STPCPY 1
#define HAVE_STRCASECMP 1
#define HAVE_STRDUP 1
#define HAVE_STRTOUL 1
#define HAVE_TSEARCH 1
#define HAVE_ARGZ_COUNT 1
#define HAVE_ARGZ_STRINGIFY 1
#define HAVE_ARGZ_NEXT 1
#define HAVE___FSETLOCKING 1
#define HAVE_DECL_FEOF_UNLOCKED 1
#define HAVE_DECL_FGETS_UNLOCKED 1
#define HAVE_ICONV 1
#define ICONV_CONST 
#define HAVE_NL_LOCALE_NAME 1
#define HAVE_LONG_LONG_INT 1
#define HAVE_WCHAR_T 1
#define HAVE_WINT_T 1
#define HAVE_INTMAX_T 1
#define HAVE_POSIX_PRINTF 1
#define HAVE_STDINT_H 1
#define HAVE_STDINT_H 1
#define HAVE_STDDEF_H 1
#define HAVE_STDLIB_H 1
#define HAVE_STRING_H 1
#define HAVE_ASPRINTF 1
#define HAVE_FWPRINTF 1
#define HAVE_PUTENV 1
#define HAVE_SETENV 1
#define HAVE_SETLOCALE 1
#define HAVE_SNPRINTF 1
#define HAVE_WCSLEN 1
#define HAVE_DECL__SNPRINTF 0
#define HAVE_DECL__SNWPRINTF 0
#define HAVE_DECL_GETC_UNLOCKED 1
#define HAVE_LANGINFO_CODESET 1
#define HAVE_LC_MESSAGES 1
#define ENABLE_NLS 1
#define HAVE_GETTEXT 1
#define HAVE_DCGETTEXT 1

configure: exit 0
